#
# There is insufficient memory for the Java Runtime Environment to continue.
# Native memory allocation (malloc) failed to allocate 2282208 bytes for Chunk::new
# Possible reasons:
#   The system is out of physical RAM or swap space
#   The process is running with CompressedOops enabled, and the Java Heap may be blocking the growth of the native heap
# Possible solutions:
#   Reduce memory load on the system
#   Increase physical memory or swap space
#   Check if swap backing store is full
#   Decrease Java heap size (-Xmx/-Xms)
#   Decrease number of Java threads
#   Decrease Java thread stack sizes (-Xss)
#   Set larger code cache with -XX:ReservedCodeCacheSize=
#   JVM is running with Unscaled Compressed Oops mode in which the Java heap is
#     placed in the first 4GB address space. The Java Heap base address is the
#     maximum limit for the native heap growth. Please use -XX:HeapBaseMinAddress
#     to set the Java Heap base and to place the Java Heap above 4GB virtual address.
# This output file may be truncated or incomplete.
#
#  Out of Memory Error (arena.cpp:184), pid=16252, tid=4668
#
# JRE version: Java(TM) SE Runtime Environment (18.0.1.1+2) (build 18.0.1.1+2-6)
# Java VM: Java HotSpot(TM) 64-Bit Server VM (18.0.1.1+2-6, mixed mode, sharing, tiered, compressed oops, compressed class ptrs, g1 gc, windows-amd64)
# No core dump will be written. Minidumps are not enabled by default on client versions of Windows
#

---------------  S U M M A R Y ------------

Command Line: -XX:MaxMetaspaceSize=512m --add-opens=java.base/java.util=ALL-UNNAMED --add-opens=java.base/java.lang=ALL-UNNAMED --add-opens=java.base/java.lang.invoke=ALL-UNNAMED --add-opens=java.prefs/java.util.prefs=ALL-UNNAMED --add-opens=java.base/java.nio.charset=ALL-UNNAMED --add-opens=java.base/java.net=ALL-UNNAMED --add-opens=java.base/java.util.concurrent.atomic=ALL-UNNAMED -Xmx2048m -Dfile.encoding=utf8 -Duser.country=IN -Duser.language=en -Duser.variant org.gradle.launcher.daemon.bootstrap.GradleDaemon 8.0.1

Host: AMD Ryzen 5 5500U with Radeon Graphics         , 12 cores, 3G,  Windows 11 , 64 bit Build 22621 (10.0.22621.2506)
Time: Tue Dec 12 12:22:52 2023 India Standard Time elapsed time: 32.885785 seconds (0d 0h 0m 32s)

---------------  T H R E A D  ---------------

Current thread (0x00000152c081c300):  JavaThread "C2 CompilerThread0" daemon [_thread_in_native, id=4668, stack(0x0000000a04a00000,0x0000000a04b00000)]


Current CompileTask:
C2:  32886 6578   !   4       org.jetbrains.kotlin.metadata.ProtoBuf$Function::<init> (1410 bytes)

Stack: [0x0000000a04a00000,0x0000000a04b00000]
Native frames: (J=compiled Java code, j=interpreted, Vv=VM code, C=native code)
V  [jvm.dll+0x69887a]
V  [jvm.dll+0x7f38bd]
V  [jvm.dll+0x7f51ce]
V  [jvm.dll+0x7f5883]
V  [jvm.dll+0x25ca3f]
V  [jvm.dll+0xb8c2f]
V  [jvm.dll+0xb8fa5]
V  [jvm.dll+0x385a6b]
V  [jvm.dll+0x34f811]
V  [jvm.dll+0x34ecaa]
V  [jvm.dll+0x22fc21]
V  [jvm.dll+0x22eff1]
V  [jvm.dll+0x1b9cfc]
V  [jvm.dll+0x23e8ca]
V  [jvm.dll+0x23cbb5]
V  [jvm.dll+0x7a5fb1]
V  [jvm.dll+0x7a03ea]
V  [jvm.dll+0x697725]
C  [ucrtbase.dll+0x29363]
C  [KERNEL32.DLL+0x1257d]
C  [ntdll.dll+0x5aa58]


---------------  P R O C E S S  ---------------

Threads class SMR info:
_java_thread_list=0x00000152c714a5a0, length=44, elements={
0x00000152a2180450, 0x00000152c08044b0, 0x00000152c0805110, 0x00000152c0819950,
0x00000152c081a2f0, 0x00000152c081ac90, 0x00000152c081b630, 0x00000152c081c300,
0x00000152c081ecf0, 0x00000152c0823160, 0x00000152c4cea060, 0x00000152c4cf4760,
0x00000152c572e000, 0x00000152c62d8a30, 0x00000152c62d8560, 0x00000152c62d5ee0,
0x00000152c62d5070, 0x00000152c62d7bc0, 0x00000152c62d76f0, 0x00000152c62d63b0,
0x00000152c62d5540, 0x00000152c62d5a10, 0x00000152c62d8090, 0x00000152c62d6d50,
0x00000152c62d7220, 0x00000152c70bfd60, 0x00000152c70bea20, 0x00000152c70bb530,
0x00000152c70bf3c0, 0x00000152c70c0bd0, 0x00000152c70bb060, 0x00000152c70bbed0,
0x00000152c70bc870, 0x00000152c70c0700, 0x00000152c70bd6e0, 0x00000152c70c28b0,
0x00000152c70bc3a0, 0x00000152c70bcd40, 0x00000152c70bd210, 0x00000152c70bdbb0,
0x00000152c70c0230, 0x00000152c70c23e0, 0x00000152c70c1f10, 0x00000152c72430b0
}

Java Threads: ( => current thread )
  0x00000152a2180450 JavaThread "main" [_thread_blocked, id=6016, stack(0x0000000a03d00000,0x0000000a03e00000)]
  0x00000152c08044b0 JavaThread "Reference Handler" daemon [_thread_blocked, id=9280, stack(0x0000000a04400000,0x0000000a04500000)]
  0x00000152c0805110 JavaThread "Finalizer" daemon [_thread_blocked, id=10124, stack(0x0000000a04500000,0x0000000a04600000)]
  0x00000152c0819950 JavaThread "Signal Dispatcher" daemon [_thread_blocked, id=16692, stack(0x0000000a04600000,0x0000000a04700000)]
  0x00000152c081a2f0 JavaThread "Attach Listener" daemon [_thread_blocked, id=17596, stack(0x0000000a04700000,0x0000000a04800000)]
  0x00000152c081ac90 JavaThread "Service Thread" daemon [_thread_blocked, id=16056, stack(0x0000000a04800000,0x0000000a04900000)]
  0x00000152c081b630 JavaThread "Monitor Deflation Thread" daemon [_thread_blocked, id=5008, stack(0x0000000a04900000,0x0000000a04a00000)]
=>0x00000152c081c300 JavaThread "C2 CompilerThread0" daemon [_thread_in_native, id=4668, stack(0x0000000a04a00000,0x0000000a04b00000)]
  0x00000152c081ecf0 JavaThread "C1 CompilerThread0" daemon [_thread_blocked, id=3388, stack(0x0000000a04b00000,0x0000000a04c00000)]
  0x00000152c0823160 JavaThread "Sweeper thread" daemon [_thread_blocked, id=9308, stack(0x0000000a04c00000,0x0000000a04d00000)]
  0x00000152c4cea060 JavaThread "Common-Cleaner" daemon [_thread_blocked, id=3172, stack(0x0000000a04d00000,0x0000000a04e00000)]
  0x00000152c4cf4760 JavaThread "Notification Thread" daemon [_thread_blocked, id=1140, stack(0x0000000a04e00000,0x0000000a04f00000)]
  0x00000152c572e000 JavaThread "Daemon health stats" [_thread_blocked, id=11428, stack(0x0000000a05400000,0x0000000a05500000)]
  0x00000152c62d8a30 JavaThread "Incoming local TCP Connector on port 53948" [_thread_in_native, id=18252, stack(0x0000000a05800000,0x0000000a05900000)]
  0x00000152c62d8560 JavaThread "Daemon periodic checks" [_thread_blocked, id=15292, stack(0x0000000a05900000,0x0000000a05a00000)]
  0x00000152c62d5ee0 JavaThread "Daemon" [_thread_blocked, id=17244, stack(0x0000000a05a00000,0x0000000a05b00000)]
  0x00000152c62d5070 JavaThread "Handler for socket connection from /127.0.0.1:53948 to /127.0.0.1:53949" [_thread_in_native, id=16864, stack(0x0000000a05b00000,0x0000000a05c00000)]
  0x00000152c62d7bc0 JavaThread "Cancel handler" [_thread_blocked, id=10284, stack(0x0000000a05c00000,0x0000000a05d00000)]
  0x00000152c62d76f0 JavaThread "Daemon worker" [_thread_in_Java, id=3436, stack(0x0000000a05d00000,0x0000000a05e00000)]
  0x00000152c62d63b0 JavaThread "Asynchronous log dispatcher for DefaultDaemonConnection: socket connection from /127.0.0.1:53948 to /127.0.0.1:53949" [_thread_blocked, id=8936, stack(0x0000000a05e00000,0x0000000a05f00000)]
  0x00000152c62d5540 JavaThread "Stdin handler" [_thread_blocked, id=18060, stack(0x0000000a05f00000,0x0000000a06000000)]
  0x00000152c62d5a10 JavaThread "Daemon client event forwarder" [_thread_blocked, id=7292, stack(0x0000000a06000000,0x0000000a06100000)]
  0x00000152c62d8090 JavaThread "Cache worker for journal cache (C:\Users\Akash\.gradle\caches\journal-1)" [_thread_blocked, id=17632, stack(0x0000000a06300000,0x0000000a06400000)]
  0x00000152c62d6d50 JavaThread "File lock request listener" [_thread_in_native, id=11384, stack(0x0000000a06400000,0x0000000a06500000)]
  0x00000152c62d7220 JavaThread "Cache worker for file hash cache (C:\Users\Akash\.gradle\caches\8.0.1\fileHashes)" [_thread_blocked, id=7100, stack(0x0000000a06500000,0x0000000a06600000)]
  0x00000152c70bfd60 JavaThread "File watcher server" daemon [_thread_in_native, id=15628, stack(0x0000000a06600000,0x0000000a06700000)]
  0x00000152c70bea20 JavaThread "File watcher consumer" daemon [_thread_blocked, id=9196, stack(0x0000000a06700000,0x0000000a06800000)]
  0x00000152c70bb530 JavaThread "Cache worker for checksums cache (X:\projects\Slap\android\.gradle\8.0.1\checksums)" [_thread_blocked, id=5172, stack(0x0000000a06a00000,0x0000000a06b00000)]
  0x00000152c70bf3c0 JavaThread "Cache worker for cache directory md-rule (C:\Users\Akash\.gradle\caches\8.0.1\md-rule)" [_thread_blocked, id=7876, stack(0x0000000a06b00000,0x0000000a06c00000)]
  0x00000152c70c0bd0 JavaThread "Cache worker for file content cache (C:\Users\Akash\.gradle\caches\8.0.1\fileContent)" [_thread_blocked, id=18348, stack(0x0000000a06c00000,0x0000000a06d00000)]
  0x00000152c70bb060 JavaThread "Cache worker for file hash cache (X:\projects\Slap\android\.gradle\8.0.1\fileHashes)" [_thread_blocked, id=11884, stack(0x0000000a06d00000,0x0000000a06e00000)]
  0x00000152c70bbed0 JavaThread "Cache worker for cache directory md-supplier (C:\Users\Akash\.gradle\caches\8.0.1\md-supplier)" [_thread_blocked, id=14904, stack(0x0000000a06e00000,0x0000000a06f00000)]
  0x00000152c70bc870 JavaThread "Cache worker for execution history cache (C:\Users\Akash\.gradle\caches\8.0.1\executionHistory)" [_thread_blocked, id=18204, stack(0x0000000a06f00000,0x0000000a07000000)]
  0x00000152c70c0700 JavaThread "jar transforms" [_thread_blocked, id=10876, stack(0x0000000a07000000,0x0000000a07100000)]
  0x00000152c70bd6e0 JavaThread "jar transforms Thread 2" [_thread_blocked, id=8504, stack(0x0000000a07100000,0x0000000a07200000)]
  0x00000152c70c28b0 JavaThread "jar transforms Thread 3" [_thread_blocked, id=16352, stack(0x0000000a07200000,0x0000000a07300000)]
  0x00000152c70bc3a0 JavaThread "jar transforms Thread 4" [_thread_blocked, id=13324, stack(0x0000000a07300000,0x0000000a07400000)]
  0x00000152c70bcd40 JavaThread "jar transforms Thread 5" [_thread_blocked, id=16564, stack(0x0000000a07400000,0x0000000a07500000)]
  0x00000152c70bd210 JavaThread "jar transforms Thread 6" [_thread_blocked, id=13492, stack(0x0000000a07500000,0x0000000a07600000)]
  0x00000152c70bdbb0 JavaThread "jar transforms Thread 7" [_thread_blocked, id=4028, stack(0x0000000a07600000,0x0000000a07700000)]
  0x00000152c70c0230 JavaThread "jar transforms Thread 8" [_thread_blocked, id=4592, stack(0x0000000a07700000,0x0000000a07800000)]
  0x00000152c70c23e0 JavaThread "jar transforms Thread 9" [_thread_blocked, id=18048, stack(0x0000000a07800000,0x0000000a07900000)]
  0x00000152c70c1f10 JavaThread "jar transforms Thread 10" [_thread_blocked, id=7228, stack(0x0000000a07900000,0x0000000a07a00000)]
  0x00000152c72430b0 JavaThread "Cache worker for kotlin-dsl (C:\Users\Akash\.gradle\caches\8.0.1\kotlin-dsl)" [_thread_blocked, id=17256, stack(0x0000000a07a00000,0x0000000a07b00000)]

Other Threads:
  0x00000152a21f9120 VMThread "VM Thread" [stack: 0x0000000a04300000,0x0000000a04400000] [id=13308]
  0x00000152c4cf4c20 WatcherThread "VM Periodic Task Thread" [stack: 0x0000000a04f00000,0x0000000a05000000] [id=13988]
  0x00000152a21e0e30 WorkerThread "GC Thread#0" [stack: 0x0000000a03e00000,0x0000000a03f00000] [id=11056]
  0x00000152c54fbdb0 WorkerThread "GC Thread#1" [stack: 0x0000000a05000000,0x0000000a05100000] [id=8128]
  0x00000152c54f1a40 WorkerThread "GC Thread#2" [stack: 0x0000000a05100000,0x0000000a05200000] [id=2520]
  0x00000152c54e6e50 WorkerThread "GC Thread#3" [stack: 0x0000000a05200000,0x0000000a05300000] [id=12412]
  0x00000152c565c960 WorkerThread "GC Thread#4" [stack: 0x0000000a05300000,0x0000000a05400000] [id=10404]
  0x00000152c5652920 WorkerThread "GC Thread#5" [stack: 0x0000000a05500000,0x0000000a05600000] [id=3360]
  0x00000152c63b3990 WorkerThread "GC Thread#6" [stack: 0x0000000a05600000,0x0000000a05700000] [id=8580]
  0x00000152c63b3e40 WorkerThread "GC Thread#7" [stack: 0x0000000a05700000,0x0000000a05800000] [id=11684]
  0x00000152c6622d30 WorkerThread "GC Thread#8" [stack: 0x0000000a06100000,0x0000000a06200000] [id=18412]
  0x00000152c66a3850 WorkerThread "GC Thread#9" [stack: 0x0000000a06200000,0x0000000a06300000] [id=11536]
  0x00000152a21f1d60 ConcurrentGCThread "G1 Main Marker" [stack: 0x0000000a03f00000,0x0000000a04000000] [id=2460]
  0x00000152a21f2750 WorkerThread "G1 Conc#0" [stack: 0x0000000a04000000,0x0000000a04100000] [id=15604]
  0x00000152c7bcc4e0 WorkerThread "G1 Conc#1" [stack: 0x0000000a06800000,0x0000000a06900000] [id=3160]
  0x00000152c7bcccc0 WorkerThread "G1 Conc#2" [stack: 0x0000000a06900000,0x0000000a06a00000] [id=1692]
  0x00000152a22388d0 ConcurrentGCThread "G1 Refine#0" [stack: 0x0000000a04100000,0x0000000a04200000] [id=18332]
  0x00000152c6ebed60 ConcurrentGCThread "G1 Refine#1" [stack: 0x0000000a07b00000,0x0000000a07c00000] [id=13044]
  0x00000152c6ebea90 ConcurrentGCThread "G1 Refine#2" [stack: 0x0000000a07c00000,0x0000000a07d00000] [id=18516]
  0x00000152c6ebf030 ConcurrentGCThread "G1 Refine#3" [stack: 0x0000000a07d00000,0x0000000a07e00000] [id=15172]
  0x00000152c6ebd9b0 ConcurrentGCThread "G1 Refine#4" [stack: 0x0000000a07e00000,0x0000000a07f00000] [id=10872]
  0x00000152c6ebdc80 ConcurrentGCThread "G1 Refine#5" [stack: 0x0000000a07f00000,0x0000000a08000000] [id=2876]
  0x00000152c6ebf8a0 ConcurrentGCThread "G1 Refine#6" [stack: 0x0000000a08000000,0x0000000a08100000] [id=15288]
  0x00000152c6ebc330 ConcurrentGCThread "G1 Refine#7" [stack: 0x0000000a08100000,0x0000000a08200000] [id=4804]
  0x00000152a22391e0 ConcurrentGCThread "G1 Service" [stack: 0x0000000a04200000,0x0000000a04300000] [id=19124]

Threads with active compile tasks:
C2 CompilerThread0    32965 6578   !   4       org.jetbrains.kotlin.metadata.ProtoBuf$Function::<init> (1410 bytes)
C1 CompilerThread0    32965 6801       2       kotlin.sequences.FilteringSequence::<init> (32 bytes)

VM state: not at safepoint (normal execution)

VM Mutex/Monitor currently owned by a thread: None

Heap address: 0x0000000080000000, size: 2048 MB, Compressed Oops mode: 32-bit

CDS archive(s) mapped at: [0x0000000800000000-0x0000000800ba0000-0x0000000800ba0000), size 12189696, SharedBaseAddress: 0x0000000800000000, ArchiveRelocationMode: 0.
Compressed class space mapped at: 0x0000000800c00000-0x000000081a800000, reserved size: 432013312
Narrow klass base: 0x0000000800000000, Narrow klass shift: 0, Narrow klass range: 0x100000000

GC Precious Log:
 CardTable entry size: 512
 Card Set container configuration: InlinePtr #cards 5 size 8 Array Of Cards #cards 12 size 40 Howl #buckets 4 coarsen threshold 1843 Howl Bitmap #cards 512 size 80 coarsen threshold 460 Card regions per heap region 1 cards per card region 2048
 CPUs: 12 total, 12 available
 Memory: 3405M
 Large Page Support: Disabled
 NUMA Support: Disabled
 Compressed Oops: Enabled (32-bit)
 Heap Region Size: 1M
 Heap Min Capacity: 8M
 Heap Initial Capacity: 54M
 Heap Max Capacity: 2G
 Pre-touch: Disabled
 Parallel Workers: 10
 Concurrent Workers: 3
 Concurrent Refinement Workers: 10
 Periodic GC: Disabled

Heap:
 garbage-first heap   total 202752K, used 83824K [0x0000000080000000, 0x0000000100000000)
  region size 1024K, 17 young (17408K), 5 survivors (5120K)
 Metaspace       used 75543K, committed 77440K, reserved 552960K
  class space    used 10096K, committed 11072K, reserved 421888K

Heap Regions: E=young(eden), S=young(survivor), O=old, HS=humongous(starts), HC=humongous(continues), CS=collection set, F=free, OA=open archive, CA=closed archive, TAMS=top-at-mark-start (previous, next)
|   0|0x0000000080000000, 0x0000000080100000, 0x0000000080100000|100%|HS|  |TAMS 0x0000000080100000, 0x0000000080000000| Complete 
|   1|0x0000000080100000, 0x0000000080200000, 0x0000000080200000|100%|HC|  |TAMS 0x0000000080200000, 0x0000000080100000| Complete 
|   2|0x0000000080200000, 0x0000000080300000, 0x0000000080300000|100%|HC|  |TAMS 0x0000000080300000, 0x0000000080200000| Complete 
|   3|0x0000000080300000, 0x0000000080400000, 0x0000000080400000|100%|HC|  |TAMS 0x0000000080400000, 0x0000000080300000| Complete 
|   4|0x0000000080400000, 0x0000000080500000, 0x0000000080500000|100%| O|  |TAMS 0x0000000080500000, 0x0000000080400000| Untracked 
|   5|0x0000000080500000, 0x0000000080600000, 0x0000000080600000|100%| O|  |TAMS 0x0000000080600000, 0x0000000080500000| Untracked 
|   6|0x0000000080600000, 0x0000000080700000, 0x0000000080700000|100%| O|  |TAMS 0x0000000080700000, 0x0000000080600000| Untracked 
|   7|0x0000000080700000, 0x0000000080800000, 0x0000000080800000|100%| O|  |TAMS 0x0000000080800000, 0x0000000080700000| Untracked 
|   8|0x0000000080800000, 0x0000000080900000, 0x0000000080900000|100%| O|  |TAMS 0x0000000080900000, 0x0000000080800000| Untracked 
|   9|0x0000000080900000, 0x0000000080a00000, 0x0000000080a00000|100%| O|  |TAMS 0x0000000080a00000, 0x0000000080900000| Untracked 
|  10|0x0000000080a00000, 0x0000000080b00000, 0x0000000080b00000|100%| O|  |TAMS 0x0000000080b00000, 0x0000000080a00000| Untracked 
|  11|0x0000000080b00000, 0x0000000080c00000, 0x0000000080c00000|100%| O|  |TAMS 0x0000000080c00000, 0x0000000080b00000| Untracked 
|  12|0x0000000080c00000, 0x0000000080d00000, 0x0000000080d00000|100%| O|  |TAMS 0x0000000080d00000, 0x0000000080c00000| Untracked 
|  13|0x0000000080d00000, 0x0000000080e00000, 0x0000000080e00000|100%| O|  |TAMS 0x0000000080e00000, 0x0000000080d00000| Untracked 
|  14|0x0000000080e00000, 0x0000000080f00000, 0x0000000080f00000|100%| O|  |TAMS 0x0000000080f00000, 0x0000000080e00000| Untracked 
|  15|0x0000000080f00000, 0x0000000081000000, 0x0000000081000000|100%| O|  |TAMS 0x0000000081000000, 0x0000000080f00000| Untracked 
|  16|0x0000000081000000, 0x0000000081100000, 0x0000000081100000|100%| O|  |TAMS 0x0000000081100000, 0x0000000081000000| Untracked 
|  17|0x0000000081100000, 0x0000000081200000, 0x0000000081200000|100%| O|  |TAMS 0x0000000081200000, 0x0000000081100000| Untracked 
|  18|0x0000000081200000, 0x0000000081300000, 0x0000000081300000|100%| O|  |TAMS 0x0000000081300000, 0x0000000081200000| Untracked 
|  19|0x0000000081300000, 0x0000000081400000, 0x0000000081400000|100%| O|  |TAMS 0x0000000081400000, 0x0000000081300000| Untracked 
|  20|0x0000000081400000, 0x0000000081500000, 0x0000000081500000|100%| O|  |TAMS 0x0000000081500000, 0x0000000081400000| Untracked 
|  21|0x0000000081500000, 0x0000000081600000, 0x0000000081600000|100%| O|  |TAMS 0x0000000081600000, 0x0000000081500000| Untracked 
|  22|0x0000000081600000, 0x0000000081700000, 0x0000000081700000|100%| O|  |TAMS 0x0000000081700000, 0x0000000081600000| Untracked 
|  23|0x0000000081700000, 0x0000000081800000, 0x0000000081800000|100%| O|  |TAMS 0x0000000081800000, 0x0000000081700000| Untracked 
|  24|0x0000000081800000, 0x0000000081900000, 0x0000000081900000|100%| O|  |TAMS 0x0000000081900000, 0x0000000081800000| Untracked 
|  25|0x0000000081900000, 0x0000000081a00000, 0x0000000081a00000|100%| O|  |TAMS 0x0000000081a00000, 0x0000000081900000| Untracked 
|  26|0x0000000081a00000, 0x0000000081b00000, 0x0000000081b00000|100%| O|  |TAMS 0x0000000081b00000, 0x0000000081a00000| Untracked 
|  27|0x0000000081b00000, 0x0000000081c00000, 0x0000000081c00000|100%| O|  |TAMS 0x0000000081c00000, 0x0000000081b00000| Untracked 
|  28|0x0000000081c00000, 0x0000000081d00000, 0x0000000081d00000|100%| O|  |TAMS 0x0000000081d00000, 0x0000000081c00000| Untracked 
|  29|0x0000000081d00000, 0x0000000081e00000, 0x0000000081e00000|100%| O|  |TAMS 0x0000000081e00000, 0x0000000081d00000| Untracked 
|  30|0x0000000081e00000, 0x0000000081f00000, 0x0000000081f00000|100%| O|  |TAMS 0x0000000081f00000, 0x0000000081e00000| Untracked 
|  31|0x0000000081f00000, 0x0000000082000000, 0x0000000082000000|100%| O|  |TAMS 0x0000000082000000, 0x0000000081f00000| Untracked 
|  32|0x0000000082000000, 0x0000000082000000, 0x0000000082100000|  0%| F|  |TAMS 0x0000000082000000, 0x0000000082000000| Untracked 
|  33|0x0000000082100000, 0x0000000082200000, 0x0000000082200000|100%| O|  |TAMS 0x0000000082200000, 0x0000000082100000| Untracked 
|  34|0x0000000082200000, 0x0000000082300000, 0x0000000082300000|100%| O|  |TAMS 0x0000000082300000, 0x0000000082200000| Untracked 
|  35|0x0000000082300000, 0x0000000082400000, 0x0000000082400000|100%| O|  |TAMS 0x0000000082400000, 0x0000000082300000| Untracked 
|  36|0x0000000082400000, 0x0000000082500000, 0x0000000082500000|100%| O|  |TAMS 0x0000000082500000, 0x0000000082400000| Untracked 
|  37|0x0000000082500000, 0x0000000082600000, 0x0000000082600000|100%|HS|  |TAMS 0x0000000082600000, 0x0000000082500000| Complete 
|  38|0x0000000082600000, 0x0000000082700000, 0x0000000082700000|100%|HC|  |TAMS 0x0000000082700000, 0x0000000082600000| Complete 
|  39|0x0000000082700000, 0x0000000082800000, 0x0000000082800000|100%|HC|  |TAMS 0x0000000082800000, 0x0000000082700000| Complete 
|  40|0x0000000082800000, 0x0000000082900000, 0x0000000082900000|100%|HC|  |TAMS 0x0000000082900000, 0x0000000082800000| Complete 
|  41|0x0000000082900000, 0x0000000082a00000, 0x0000000082a00000|100%| O|  |TAMS 0x0000000082a00000, 0x0000000082900000| Untracked 
|  42|0x0000000082a00000, 0x0000000082b00000, 0x0000000082b00000|100%| O|  |TAMS 0x0000000082b00000, 0x0000000082a00000| Untracked 
|  43|0x0000000082b00000, 0x0000000082c00000, 0x0000000082c00000|100%| O|  |TAMS 0x0000000082c00000, 0x0000000082b00000| Untracked 
|  44|0x0000000082c00000, 0x0000000082d00000, 0x0000000082d00000|100%| O|  |TAMS 0x0000000082c00000, 0x0000000082c00000| Untracked 
|  45|0x0000000082d00000, 0x0000000082e00000, 0x0000000082e00000|100%| O|  |TAMS 0x0000000082d00000, 0x0000000082d00000| Untracked 
|  46|0x0000000082e00000, 0x0000000082f00000, 0x0000000082f00000|100%| O|  |TAMS 0x0000000082e00000, 0x0000000082e00000| Untracked 
|  47|0x0000000082f00000, 0x0000000083000000, 0x0000000083000000|100%| O|  |TAMS 0x0000000082f00000, 0x0000000082f00000| Untracked 
|  48|0x0000000083000000, 0x0000000083100000, 0x0000000083100000|100%| O|  |TAMS 0x0000000083000000, 0x0000000083000000| Untracked 
|  49|0x0000000083100000, 0x0000000083200000, 0x0000000083200000|100%| O|  |TAMS 0x0000000083100000, 0x0000000083100000| Untracked 
|  50|0x0000000083200000, 0x0000000083300000, 0x0000000083300000|100%| O|  |TAMS 0x0000000083300000, 0x0000000083200000| Untracked 
|  51|0x0000000083300000, 0x0000000083400000, 0x0000000083400000|100%| O|  |TAMS 0x0000000083400000, 0x0000000083300000| Untracked 
|  52|0x0000000083400000, 0x0000000083500000, 0x0000000083500000|100%| O|  |TAMS 0x0000000083500000, 0x0000000083400000| Untracked 
|  53|0x0000000083500000, 0x0000000083600000, 0x0000000083600000|100%| O|  |TAMS 0x0000000083582400, 0x0000000083500000| Untracked 
|  54|0x0000000083600000, 0x0000000083700000, 0x0000000083700000|100%| O|  |TAMS 0x0000000083600000, 0x0000000083600000| Untracked 
|  55|0x0000000083700000, 0x0000000083800000, 0x0000000083800000|100%| O|  |TAMS 0x0000000083700000, 0x0000000083700000| Untracked 
|  56|0x0000000083800000, 0x0000000083900000, 0x0000000083900000|100%| O|  |TAMS 0x0000000083800000, 0x0000000083800000| Untracked 
|  57|0x0000000083900000, 0x0000000083a00000, 0x0000000083a00000|100%| O|  |TAMS 0x0000000083900000, 0x0000000083900000| Untracked 
|  58|0x0000000083a00000, 0x0000000083b00000, 0x0000000083b00000|100%|HS|  |TAMS 0x0000000083a00000, 0x0000000083a00000| Complete 
|  59|0x0000000083b00000, 0x0000000083c00000, 0x0000000083c00000|100%|HC|  |TAMS 0x0000000083b00000, 0x0000000083b00000| Complete 
|  60|0x0000000083c00000, 0x0000000083d00000, 0x0000000083d00000|100%|HC|  |TAMS 0x0000000083c00000, 0x0000000083c00000| Complete 
|  61|0x0000000083d00000, 0x0000000083e00000, 0x0000000083e00000|100%|HC|  |TAMS 0x0000000083d00000, 0x0000000083d00000| Complete 
|  62|0x0000000083e00000, 0x0000000083f00000, 0x0000000083f00000|100%|HC|  |TAMS 0x0000000083e00000, 0x0000000083e00000| Complete 
|  63|0x0000000083f00000, 0x0000000084000000, 0x0000000084000000|100%|HC|  |TAMS 0x0000000083f00000, 0x0000000083f00000| Complete 
|  64|0x0000000084000000, 0x0000000084100000, 0x0000000084100000|100%| O|  |TAMS 0x0000000084000000, 0x0000000084000000| Untracked 
|  65|0x0000000084100000, 0x0000000084200000, 0x0000000084200000|100%| O|  |TAMS 0x0000000084100000, 0x0000000084100000| Untracked 
|  66|0x0000000084200000, 0x0000000084300000, 0x0000000084300000|100%| O|  |TAMS 0x0000000084200000, 0x0000000084200000| Untracked 
|  67|0x0000000084300000, 0x0000000084384200, 0x0000000084400000| 51%| O|  |TAMS 0x0000000084300000, 0x0000000084300000| Untracked 
|  68|0x0000000084400000, 0x0000000084400000, 0x0000000084500000|  0%| F|  |TAMS 0x0000000084400000, 0x0000000084400000| Untracked 
|  69|0x0000000084500000, 0x0000000084500000, 0x0000000084600000|  0%| F|  |TAMS 0x0000000084500000, 0x0000000084500000| Untracked 
|  70|0x0000000084600000, 0x0000000084600000, 0x0000000084700000|  0%| F|  |TAMS 0x0000000084600000, 0x0000000084600000| Untracked 
|  71|0x0000000084700000, 0x0000000084700000, 0x0000000084800000|  0%| F|  |TAMS 0x0000000084700000, 0x0000000084700000| Untracked 
|  72|0x0000000084800000, 0x0000000084800000, 0x0000000084900000|  0%| F|  |TAMS 0x0000000084800000, 0x0000000084800000| Untracked 
|  73|0x0000000084900000, 0x0000000084900000, 0x0000000084a00000|  0%| F|  |TAMS 0x0000000084900000, 0x0000000084900000| Untracked 
|  74|0x0000000084a00000, 0x0000000084a00000, 0x0000000084b00000|  0%| F|  |TAMS 0x0000000084a00000, 0x0000000084a00000| Untracked 
|  75|0x0000000084b00000, 0x0000000084b00000, 0x0000000084c00000|  0%| F|  |TAMS 0x0000000084b00000, 0x0000000084b00000| Untracked 
|  76|0x0000000084c00000, 0x0000000084c00000, 0x0000000084d00000|  0%| F|  |TAMS 0x0000000084c00000, 0x0000000084c00000| Untracked 
|  77|0x0000000084d00000, 0x0000000084d00000, 0x0000000084e00000|  0%| F|  |TAMS 0x0000000084d00000, 0x0000000084d00000| Untracked 
|  78|0x0000000084e00000, 0x0000000084e00000, 0x0000000084f00000|  0%| F|  |TAMS 0x0000000084e00000, 0x0000000084e00000| Untracked 
|  79|0x0000000084f00000, 0x0000000084f00000, 0x0000000085000000|  0%| F|  |TAMS 0x0000000084f00000, 0x0000000084f00000| Untracked 
|  80|0x0000000085000000, 0x0000000085000000, 0x0000000085100000|  0%| F|  |TAMS 0x0000000085000000, 0x0000000085000000| Untracked 
|  81|0x0000000085100000, 0x0000000085100000, 0x0000000085200000|  0%| F|  |TAMS 0x0000000085100000, 0x0000000085100000| Untracked 
|  82|0x0000000085200000, 0x0000000085200000, 0x0000000085300000|  0%| F|  |TAMS 0x0000000085200000, 0x0000000085200000| Untracked 
|  83|0x0000000085300000, 0x0000000085300000, 0x0000000085400000|  0%| F|  |TAMS 0x0000000085300000, 0x0000000085300000| Untracked 
|  84|0x0000000085400000, 0x0000000085400000, 0x0000000085500000|  0%| F|  |TAMS 0x0000000085400000, 0x0000000085400000| Untracked 
|  85|0x0000000085500000, 0x0000000085500000, 0x0000000085600000|  0%| F|  |TAMS 0x0000000085500000, 0x0000000085500000| Untracked 
|  86|0x0000000085600000, 0x0000000085600000, 0x0000000085700000|  0%| F|  |TAMS 0x0000000085600000, 0x0000000085600000| Untracked 
|  87|0x0000000085700000, 0x0000000085700000, 0x0000000085800000|  0%| F|  |TAMS 0x0000000085700000, 0x0000000085700000| Untracked 
|  88|0x0000000085800000, 0x0000000085800000, 0x0000000085900000|  0%| F|  |TAMS 0x0000000085800000, 0x0000000085800000| Untracked 
|  89|0x0000000085900000, 0x0000000085900000, 0x0000000085a00000|  0%| F|  |TAMS 0x0000000085900000, 0x0000000085900000| Untracked 
|  90|0x0000000085a00000, 0x0000000085a00000, 0x0000000085b00000|  0%| F|  |TAMS 0x0000000085a00000, 0x0000000085a00000| Untracked 
|  91|0x0000000085b00000, 0x0000000085b00000, 0x0000000085c00000|  0%| F|  |TAMS 0x0000000085b00000, 0x0000000085b00000| Untracked 
|  92|0x0000000085c00000, 0x0000000085c00000, 0x0000000085d00000|  0%| F|  |TAMS 0x0000000085c00000, 0x0000000085c00000| Untracked 
|  93|0x0000000085d00000, 0x0000000085d00000, 0x0000000085e00000|  0%| F|  |TAMS 0x0000000085d00000, 0x0000000085d00000| Untracked 
|  94|0x0000000085e00000, 0x0000000085e00000, 0x0000000085f00000|  0%| F|  |TAMS 0x0000000085e00000, 0x0000000085e00000| Untracked 
|  95|0x0000000085f00000, 0x0000000085f00000, 0x0000000086000000|  0%| F|  |TAMS 0x0000000085f00000, 0x0000000085f00000| Untracked 
|  96|0x0000000086000000, 0x0000000086000000, 0x0000000086100000|  0%| F|  |TAMS 0x0000000086000000, 0x0000000086000000| Untracked 
|  97|0x0000000086100000, 0x0000000086100000, 0x0000000086200000|  0%| F|  |TAMS 0x0000000086100000, 0x0000000086100000| Untracked 
|  98|0x0000000086200000, 0x0000000086200000, 0x0000000086300000|  0%| F|  |TAMS 0x0000000086200000, 0x0000000086200000| Untracked 
|  99|0x0000000086300000, 0x0000000086300000, 0x0000000086400000|  0%| F|  |TAMS 0x0000000086300000, 0x0000000086300000| Untracked 
| 100|0x0000000086400000, 0x0000000086400000, 0x0000000086500000|  0%| F|  |TAMS 0x0000000086400000, 0x0000000086400000| Untracked 
| 101|0x0000000086500000, 0x0000000086500000, 0x0000000086600000|  0%| F|  |TAMS 0x0000000086500000, 0x0000000086500000| Untracked 
| 102|0x0000000086600000, 0x0000000086600000, 0x0000000086700000|  0%| F|  |TAMS 0x0000000086600000, 0x0000000086600000| Untracked 
| 103|0x0000000086700000, 0x0000000086700000, 0x0000000086800000|  0%| F|  |TAMS 0x0000000086700000, 0x0000000086700000| Untracked 
| 104|0x0000000086800000, 0x0000000086800000, 0x0000000086900000|  0%| F|  |TAMS 0x0000000086800000, 0x0000000086800000| Untracked 
| 105|0x0000000086900000, 0x0000000086900000, 0x0000000086a00000|  0%| F|  |TAMS 0x0000000086900000, 0x0000000086900000| Untracked 
| 106|0x0000000086a00000, 0x0000000086a00000, 0x0000000086b00000|  0%| F|  |TAMS 0x0000000086a00000, 0x0000000086a00000| Untracked 
| 107|0x0000000086b00000, 0x0000000086b00000, 0x0000000086c00000|  0%| F|  |TAMS 0x0000000086b00000, 0x0000000086b00000| Untracked 
| 108|0x0000000086c00000, 0x0000000086c57e20, 0x0000000086d00000| 34%| S|CS|TAMS 0x0000000086c00000, 0x0000000086c00000| Complete 
| 109|0x0000000086d00000, 0x0000000086e00000, 0x0000000086e00000|100%| S|CS|TAMS 0x0000000086d00000, 0x0000000086d00000| Complete 
| 110|0x0000000086e00000, 0x0000000086f00000, 0x0000000086f00000|100%| S|CS|TAMS 0x0000000086e00000, 0x0000000086e00000| Complete 
| 111|0x0000000086f00000, 0x0000000087000000, 0x0000000087000000|100%| S|CS|TAMS 0x0000000086f00000, 0x0000000086f00000| Complete 
| 112|0x0000000087000000, 0x0000000087100000, 0x0000000087100000|100%| S|CS|TAMS 0x0000000087000000, 0x0000000087000000| Complete 
| 113|0x0000000087100000, 0x0000000087100000, 0x0000000087200000|  0%| F|  |TAMS 0x0000000087100000, 0x0000000087100000| Untracked 
| 114|0x0000000087200000, 0x0000000087200000, 0x0000000087300000|  0%| F|  |TAMS 0x0000000087200000, 0x0000000087200000| Untracked 
| 115|0x0000000087300000, 0x0000000087300000, 0x0000000087400000|  0%| F|  |TAMS 0x0000000087300000, 0x0000000087300000| Untracked 
| 116|0x0000000087400000, 0x0000000087400000, 0x0000000087500000|  0%| F|  |TAMS 0x0000000087400000, 0x0000000087400000| Untracked 
| 117|0x0000000087500000, 0x0000000087500000, 0x0000000087600000|  0%| F|  |TAMS 0x0000000087500000, 0x0000000087500000| Untracked 
| 118|0x0000000087600000, 0x0000000087600000, 0x0000000087700000|  0%| F|  |TAMS 0x0000000087600000, 0x0000000087600000| Untracked 
| 119|0x0000000087700000, 0x0000000087700000, 0x0000000087800000|  0%| F|  |TAMS 0x0000000087700000, 0x0000000087700000| Untracked 
| 120|0x0000000087800000, 0x0000000087800000, 0x0000000087900000|  0%| F|  |TAMS 0x0000000087800000, 0x0000000087800000| Untracked 
| 121|0x0000000087900000, 0x0000000087900000, 0x0000000087a00000|  0%| F|  |TAMS 0x0000000087900000, 0x0000000087900000| Untracked 
| 122|0x0000000087a00000, 0x0000000087a00000, 0x0000000087b00000|  0%| F|  |TAMS 0x0000000087a00000, 0x0000000087a00000| Untracked 
| 123|0x0000000087b00000, 0x0000000087b00000, 0x0000000087c00000|  0%| F|  |TAMS 0x0000000087b00000, 0x0000000087b00000| Untracked 
| 124|0x0000000087c00000, 0x0000000087c00000, 0x0000000087d00000|  0%| F|  |TAMS 0x0000000087c00000, 0x0000000087c00000| Untracked 
| 125|0x0000000087d00000, 0x0000000087d00000, 0x0000000087e00000|  0%| F|  |TAMS 0x0000000087d00000, 0x0000000087d00000| Untracked 
| 126|0x0000000087e00000, 0x0000000087e00000, 0x0000000087f00000|  0%| F|  |TAMS 0x0000000087e00000, 0x0000000087e00000| Untracked 
| 127|0x0000000087f00000, 0x0000000087f00000, 0x0000000088000000|  0%| F|  |TAMS 0x0000000087f00000, 0x0000000087f00000| Untracked 
| 128|0x0000000088000000, 0x0000000088000000, 0x0000000088100000|  0%| F|  |TAMS 0x0000000088000000, 0x0000000088000000| Untracked 
| 129|0x0000000088100000, 0x0000000088100000, 0x0000000088200000|  0%| F|  |TAMS 0x0000000088100000, 0x0000000088100000| Untracked 
| 130|0x0000000088200000, 0x0000000088200000, 0x0000000088300000|  0%| F|  |TAMS 0x0000000088200000, 0x0000000088200000| Untracked 
| 131|0x0000000088300000, 0x0000000088300000, 0x0000000088400000|  0%| F|  |TAMS 0x0000000088300000, 0x0000000088300000| Untracked 
| 132|0x0000000088400000, 0x0000000088400000, 0x0000000088500000|  0%| F|  |TAMS 0x0000000088400000, 0x0000000088400000| Untracked 
| 133|0x0000000088500000, 0x0000000088500000, 0x0000000088600000|  0%| F|  |TAMS 0x0000000088500000, 0x0000000088500000| Untracked 
| 134|0x0000000088600000, 0x0000000088600000, 0x0000000088700000|  0%| F|  |TAMS 0x0000000088600000, 0x0000000088600000| Untracked 
| 135|0x0000000088700000, 0x0000000088700000, 0x0000000088800000|  0%| F|  |TAMS 0x0000000088700000, 0x0000000088700000| Untracked 
| 136|0x0000000088800000, 0x0000000088800000, 0x0000000088900000|  0%| F|  |TAMS 0x0000000088800000, 0x0000000088800000| Untracked 
| 137|0x0000000088900000, 0x0000000088900000, 0x0000000088a00000|  0%| F|  |TAMS 0x0000000088900000, 0x0000000088900000| Untracked 
| 138|0x0000000088a00000, 0x0000000088a00000, 0x0000000088b00000|  0%| F|  |TAMS 0x0000000088a00000, 0x0000000088a00000| Untracked 
| 139|0x0000000088b00000, 0x0000000088b00000, 0x0000000088c00000|  0%| F|  |TAMS 0x0000000088b00000, 0x0000000088b00000| Untracked 
| 140|0x0000000088c00000, 0x0000000088c00000, 0x0000000088d00000|  0%| F|  |TAMS 0x0000000088c00000, 0x0000000088c00000| Untracked 
| 141|0x0000000088d00000, 0x0000000088d00000, 0x0000000088e00000|  0%| F|  |TAMS 0x0000000088d00000, 0x0000000088d00000| Untracked 
| 142|0x0000000088e00000, 0x0000000088e00000, 0x0000000088f00000|  0%| F|  |TAMS 0x0000000088e00000, 0x0000000088e00000| Untracked 
| 143|0x0000000088f00000, 0x0000000088f00000, 0x0000000089000000|  0%| F|  |TAMS 0x0000000088f00000, 0x0000000088f00000| Untracked 
| 144|0x0000000089000000, 0x0000000089000000, 0x0000000089100000|  0%| F|  |TAMS 0x0000000089000000, 0x0000000089000000| Untracked 
| 145|0x0000000089100000, 0x0000000089100000, 0x0000000089200000|  0%| F|  |TAMS 0x0000000089100000, 0x0000000089100000| Untracked 
| 146|0x0000000089200000, 0x0000000089200000, 0x0000000089300000|  0%| F|  |TAMS 0x0000000089200000, 0x0000000089200000| Untracked 
| 147|0x0000000089300000, 0x0000000089300000, 0x0000000089400000|  0%| F|  |TAMS 0x0000000089300000, 0x0000000089300000| Untracked 
| 148|0x0000000089400000, 0x0000000089400000, 0x0000000089500000|  0%| F|  |TAMS 0x0000000089400000, 0x0000000089400000| Untracked 
| 149|0x0000000089500000, 0x0000000089500000, 0x0000000089600000|  0%| F|  |TAMS 0x0000000089500000, 0x0000000089500000| Untracked 
| 150|0x0000000089600000, 0x0000000089600000, 0x0000000089700000|  0%| F|  |TAMS 0x0000000089600000, 0x0000000089600000| Untracked 
| 151|0x0000000089700000, 0x0000000089700000, 0x0000000089800000|  0%| F|  |TAMS 0x0000000089700000, 0x0000000089700000| Untracked 
| 152|0x0000000089800000, 0x0000000089800000, 0x0000000089900000|  0%| F|  |TAMS 0x0000000089800000, 0x0000000089800000| Untracked 
| 153|0x0000000089900000, 0x0000000089900000, 0x0000000089a00000|  0%| F|  |TAMS 0x0000000089900000, 0x0000000089900000| Untracked 
| 154|0x0000000089a00000, 0x0000000089a00000, 0x0000000089b00000|  0%| F|  |TAMS 0x0000000089a00000, 0x0000000089a00000| Untracked 
| 155|0x0000000089b00000, 0x0000000089b00000, 0x0000000089c00000|  0%| F|  |TAMS 0x0000000089b00000, 0x0000000089b00000| Untracked 
| 156|0x0000000089c00000, 0x0000000089c00000, 0x0000000089d00000|  0%| F|  |TAMS 0x0000000089c00000, 0x0000000089c00000| Untracked 
| 157|0x0000000089d00000, 0x0000000089d00000, 0x0000000089e00000|  0%| F|  |TAMS 0x0000000089d00000, 0x0000000089d00000| Untracked 
| 158|0x0000000089e00000, 0x0000000089e00000, 0x0000000089f00000|  0%| F|  |TAMS 0x0000000089e00000, 0x0000000089e00000| Untracked 
| 159|0x0000000089f00000, 0x0000000089f00000, 0x000000008a000000|  0%| F|  |TAMS 0x0000000089f00000, 0x0000000089f00000| Untracked 
| 160|0x000000008a000000, 0x000000008a000000, 0x000000008a100000|  0%| F|  |TAMS 0x000000008a000000, 0x000000008a000000| Untracked 
| 161|0x000000008a100000, 0x000000008a100000, 0x000000008a200000|  0%| F|  |TAMS 0x000000008a100000, 0x000000008a100000| Untracked 
| 162|0x000000008a200000, 0x000000008a200000, 0x000000008a300000|  0%| F|  |TAMS 0x000000008a200000, 0x000000008a200000| Untracked 
| 163|0x000000008a300000, 0x000000008a300000, 0x000000008a400000|  0%| F|  |TAMS 0x000000008a300000, 0x000000008a300000| Untracked 
| 164|0x000000008a400000, 0x000000008a400000, 0x000000008a500000|  0%| F|  |TAMS 0x000000008a400000, 0x000000008a400000| Untracked 
| 165|0x000000008a500000, 0x000000008a500000, 0x000000008a600000|  0%| F|  |TAMS 0x000000008a500000, 0x000000008a500000| Untracked 
| 166|0x000000008a600000, 0x000000008a600000, 0x000000008a700000|  0%| F|  |TAMS 0x000000008a600000, 0x000000008a600000| Untracked 
| 167|0x000000008a700000, 0x000000008a700000, 0x000000008a800000|  0%| F|  |TAMS 0x000000008a700000, 0x000000008a700000| Untracked 
| 168|0x000000008a800000, 0x000000008a800000, 0x000000008a900000|  0%| F|  |TAMS 0x000000008a800000, 0x000000008a800000| Untracked 
| 169|0x000000008a900000, 0x000000008a900000, 0x000000008aa00000|  0%| F|  |TAMS 0x000000008a900000, 0x000000008a900000| Untracked 
| 170|0x000000008aa00000, 0x000000008aa00000, 0x000000008ab00000|  0%| F|  |TAMS 0x000000008aa00000, 0x000000008aa00000| Untracked 
| 171|0x000000008ab00000, 0x000000008ab00000, 0x000000008ac00000|  0%| F|  |TAMS 0x000000008ab00000, 0x000000008ab00000| Untracked 
| 172|0x000000008ac00000, 0x000000008ac00000, 0x000000008ad00000|  0%| F|  |TAMS 0x000000008ac00000, 0x000000008ac00000| Untracked 
| 173|0x000000008ad00000, 0x000000008ad00000, 0x000000008ae00000|  0%| F|  |TAMS 0x000000008ad00000, 0x000000008ad00000| Untracked 
| 174|0x000000008ae00000, 0x000000008ae00000, 0x000000008af00000|  0%| F|  |TAMS 0x000000008ae00000, 0x000000008ae00000| Untracked 
| 175|0x000000008af00000, 0x000000008af00000, 0x000000008b000000|  0%| F|  |TAMS 0x000000008af00000, 0x000000008af00000| Untracked 
| 176|0x000000008b000000, 0x000000008b000000, 0x000000008b100000|  0%| F|  |TAMS 0x000000008b000000, 0x000000008b000000| Untracked 
| 177|0x000000008b100000, 0x000000008b100000, 0x000000008b200000|  0%| F|  |TAMS 0x000000008b100000, 0x000000008b100000| Untracked 
| 178|0x000000008b200000, 0x000000008b200000, 0x000000008b300000|  0%| F|  |TAMS 0x000000008b200000, 0x000000008b200000| Untracked 
| 179|0x000000008b300000, 0x000000008b300000, 0x000000008b400000|  0%| F|  |TAMS 0x000000008b300000, 0x000000008b300000| Untracked 
| 180|0x000000008b400000, 0x000000008b400000, 0x000000008b500000|  0%| F|  |TAMS 0x000000008b400000, 0x000000008b400000| Untracked 
| 181|0x000000008b500000, 0x000000008b500000, 0x000000008b600000|  0%| F|  |TAMS 0x000000008b500000, 0x000000008b500000| Untracked 
| 182|0x000000008b600000, 0x000000008b600000, 0x000000008b700000|  0%| F|  |TAMS 0x000000008b600000, 0x000000008b600000| Untracked 
| 183|0x000000008b700000, 0x000000008b700000, 0x000000008b800000|  0%| F|  |TAMS 0x000000008b700000, 0x000000008b700000| Untracked 
| 184|0x000000008b800000, 0x000000008b800000, 0x000000008b900000|  0%| F|  |TAMS 0x000000008b800000, 0x000000008b800000| Untracked 
| 185|0x000000008b900000, 0x000000008b900000, 0x000000008ba00000|  0%| F|  |TAMS 0x000000008b900000, 0x000000008b900000| Untracked 
| 186|0x000000008ba00000, 0x000000008bb00000, 0x000000008bb00000|100%| E|  |TAMS 0x000000008ba00000, 0x000000008ba00000| Complete 
| 187|0x000000008bb00000, 0x000000008bc00000, 0x000000008bc00000|100%| E|CS|TAMS 0x000000008bb00000, 0x000000008bb00000| Complete 
| 188|0x000000008bc00000, 0x000000008bd00000, 0x000000008bd00000|100%| E|CS|TAMS 0x000000008bc00000, 0x000000008bc00000| Complete 
| 189|0x000000008bd00000, 0x000000008be00000, 0x000000008be00000|100%| E|CS|TAMS 0x000000008bd00000, 0x000000008bd00000| Complete 
| 190|0x000000008be00000, 0x000000008bf00000, 0x000000008bf00000|100%| E|CS|TAMS 0x000000008be00000, 0x000000008be00000| Complete 
| 191|0x000000008bf00000, 0x000000008c000000, 0x000000008c000000|100%| E|CS|TAMS 0x000000008bf00000, 0x000000008bf00000| Complete 
| 192|0x000000008c000000, 0x000000008c100000, 0x000000008c100000|100%| E|CS|TAMS 0x000000008c000000, 0x000000008c000000| Complete 
| 193|0x000000008c100000, 0x000000008c200000, 0x000000008c200000|100%| E|CS|TAMS 0x000000008c100000, 0x000000008c100000| Complete 
| 194|0x000000008c200000, 0x000000008c300000, 0x000000008c300000|100%| E|CS|TAMS 0x000000008c200000, 0x000000008c200000| Complete 
| 195|0x000000008c300000, 0x000000008c400000, 0x000000008c400000|100%| E|CS|TAMS 0x000000008c300000, 0x000000008c300000| Complete 
| 196|0x000000008c400000, 0x000000008c500000, 0x000000008c500000|100%| E|CS|TAMS 0x000000008c400000, 0x000000008c400000| Complete 
| 197|0x000000008c500000, 0x000000008c600000, 0x000000008c600000|100%| E|CS|TAMS 0x000000008c500000, 0x000000008c500000| Complete 

Card table byte_map: [0x00000152b9410000,0x00000152b9810000] _byte_map_base: 0x00000152b9010000

Marking Bits (Prev, Next): (CMBitMap*) 0x00000152a21e1470, (CMBitMap*) 0x00000152a21e1430
 Prev Bits: [0x00000152bbc10000, 0x00000152bdc10000)
 Next Bits: [0x00000152b9c10000, 0x00000152bbc10000)

Polling page: 0x00000152a0130000

Metaspace:

Usage:
  Non-class:     63.92 MB used.
      Class:      9.86 MB used.
       Both:     73.78 MB used.

Virtual space:
  Non-class space:      128.00 MB reserved,      64.81 MB ( 51%) committed,  2 nodes.
      Class space:      412.00 MB reserved,      10.81 MB (  3%) committed,  1 nodes.
             Both:      540.00 MB reserved,      75.62 MB ( 14%) committed. 

Chunk freelists:
   Non-Class:  3.14 MB
       Class:  1.11 MB
        Both:  4.25 MB

MaxMetaspaceSize: 512.00 MB
CompressedClassSpaceSize: 412.00 MB
Initial GC threshold: 21.00 MB
Current GC threshold: 93.88 MB
CDS: on
MetaspaceReclaimPolicy: balanced
 - commit_granule_bytes: 65536.
 - commit_granule_words: 8192.
 - virtual_space_node_default_size: 8388608.
 - enlarge_chunks_in_place: 1.
 - new_chunks_are_fully_committed: 0.
 - uncommit_free_chunks: 1.
 - use_allocation_guard: 0.


Internal statistics:

num_allocs_failed_limit: 3.
num_arena_births: 3224.
num_arena_deaths: 0.
num_vsnodes_births: 3.
num_vsnodes_deaths: 0.
num_space_committed: 1208.
num_space_uncommitted: 0.
num_chunks_returned_to_freelist: 3.
num_chunks_taken_from_freelist: 6365.
num_chunk_merges: 3.
num_chunk_splits: 4448.
num_chunks_enlarged: 3016.
num_inconsistent_stats: 0.

CodeHeap 'non-profiled nmethods': size=120000Kb used=2772Kb max_used=2872Kb free=117227Kb
 bounds [0x00000152b1580000, 0x00000152b1860000, 0x00000152b8ab0000]
CodeHeap 'profiled nmethods': size=120000Kb used=11790Kb max_used=11826Kb free=108209Kb
 bounds [0x00000152aa050000, 0x00000152aac10000, 0x00000152b1580000]
CodeHeap 'non-nmethods': size=5760Kb used=2394Kb max_used=2426Kb free=3366Kb
 bounds [0x00000152a9ab0000, 0x00000152a9d20000, 0x00000152aa050000]
 total_blobs=6724 nmethods=5810 adapters=826
 compilation: enabled
              stopped_count=0, restarted_count=0
 full_count=0

Compilation events (20 events):
Event: 32.867 Thread 0x00000152c081ecf0 6736       1       org.jetbrains.kotlin.load.java.structure.impl.classFiles.ClassifierResolutionContext$Result::getClassifier (5 bytes)
Event: 32.867 Thread 0x00000152c081ecf0 nmethod 6736 0x00000152b1607610 code [0x00000152b16077a0, 0x00000152b1607878]
Event: 32.867 Thread 0x00000152c081ecf0 6737       1       org.jetbrains.kotlin.load.java.structure.impl.classFiles.BinaryJavaClass::getFqName (5 bytes)
Event: 32.867 Thread 0x00000152c081ecf0 nmethod 6737 0x00000152b1607310 code [0x00000152b16074a0, 0x00000152b1607578]
Event: 32.868 Thread 0x00000152c081ecf0 6738       2       kotlin.collections.SetsKt__SetsKt::emptySet (7 bytes)
Event: 32.868 Thread 0x00000152c081ecf0 nmethod 6738 0x00000152aa118610 code [0x00000152aa1187a0, 0x00000152aa118898]
Event: 32.868 Thread 0x00000152c081ecf0 6739       1       org.jetbrains.kotlin.types.SimpleTypeImpl::isMarkedNullable (5 bytes)
Event: 32.868 Thread 0x00000152c081ecf0 nmethod 6739 0x00000152b1607010 code [0x00000152b16071a0, 0x00000152b1607278]
Event: 32.868 Thread 0x00000152c081ecf0 6740       1       org.jetbrains.kotlin.utils.SmartSet::getSize (5 bytes)
Event: 32.868 Thread 0x00000152c081ecf0 nmethod 6740 0x00000152b1606d10 code [0x00000152b1606ea0, 0x00000152b1606f78]
Event: 32.868 Thread 0x00000152c081ecf0 6741       1       org.jetbrains.kotlin.types.SimpleTypeImpl::getArguments (5 bytes)
Event: 32.868 Thread 0x00000152c081ecf0 nmethod 6741 0x00000152b1606a10 code [0x00000152b1606ba0, 0x00000152b1606c78]
Event: 32.869 Thread 0x00000152c081ecf0 6742       1       org.jetbrains.kotlin.types.SimpleTypeImpl::getMemberScope (5 bytes)
Event: 32.869 Thread 0x00000152c081ecf0 nmethod 6742 0x00000152b15e1490 code [0x00000152b15e1620, 0x00000152b15e16f8]
Event: 32.869 Thread 0x00000152c081ecf0 6743       2       org.jetbrains.kotlin.serialization.deserialization.descriptors.DeserializedClassDescriptor$DeserializedClassTypeConstructor::getDeclarationDescriptor (8 bytes)
Event: 32.869 Thread 0x00000152c081ecf0 nmethod 6743 0x00000152aa083f10 code [0x00000152aa0840a0, 0x00000152aa0841b8]
Event: 32.870 Thread 0x00000152c081ecf0 6744       2       org.jetbrains.kotlin.resolve.DescriptorUtils::getFqName (29 bytes)
Event: 32.870 Thread 0x00000152c081ecf0 nmethod 6744 0x00000152aa083a90 code [0x00000152aa083c40, 0x00000152aa083dd8]
Event: 32.870 Thread 0x00000152c081ecf0 6745       1       org.jetbrains.kotlin.types.DelegatingSimpleTypeImpl::getDelegate (5 bytes)
Event: 32.870 Thread 0x00000152c081ecf0 nmethod 6745 0x00000152b15e1190 code [0x00000152b15e1320, 0x00000152b15e13f8]

GC Heap History (20 events):
Event: 25.296 GC heap before
{Heap before GC invocations=27 (full 0):
 garbage-first heap   total 66560K, used 52806K [0x0000000080000000, 0x0000000100000000)
  region size 1024K, 18 young (18432K), 3 survivors (3072K)
 Metaspace       used 47905K, committed 49280K, reserved 487424K
  class space    used 6944K, committed 7616K, reserved 421888K
}
Event: 25.315 GC heap after
{Heap after GC invocations=28 (full 0):
 garbage-first heap   total 79872K, used 39057K [0x0000000080000000, 0x0000000100000000)
  region size 1024K, 2 young (2048K), 2 survivors (2048K)
 Metaspace       used 47905K, committed 49280K, reserved 487424K
  class space    used 6944K, committed 7616K, reserved 421888K
}
Event: 26.142 GC heap before
{Heap before GC invocations=29 (full 0):
 garbage-first heap   total 79872K, used 67729K [0x0000000080000000, 0x0000000100000000)
  region size 1024K, 27 young (27648K), 2 survivors (2048K)
 Metaspace       used 51891K, committed 53248K, reserved 487424K
  class space    used 7396K, committed 8064K, reserved 421888K
}
Event: 26.145 GC heap after
{Heap after GC invocations=30 (full 0):
 garbage-first heap   total 79872K, used 43931K [0x0000000080000000, 0x0000000100000000)
  region size 1024K, 3 young (3072K), 3 survivors (3072K)
 Metaspace       used 51891K, committed 53248K, reserved 487424K
  class space    used 7396K, committed 8064K, reserved 421888K
}
Event: 26.185 GC heap before
{Heap before GC invocations=30 (full 0):
 garbage-first heap   total 79872K, used 44955K [0x0000000080000000, 0x0000000100000000)
  region size 1024K, 4 young (4096K), 3 survivors (3072K)
 Metaspace       used 52067K, committed 53440K, reserved 487424K
  class space    used 7418K, committed 8128K, reserved 421888K
}
Event: 26.203 GC heap after
{Heap after GC invocations=31 (full 0):
 garbage-first heap   total 79872K, used 43826K [0x0000000080000000, 0x0000000100000000)
  region size 1024K, 1 young (1024K), 1 survivors (1024K)
 Metaspace       used 52067K, committed 53440K, reserved 487424K
  class space    used 7418K, committed 8128K, reserved 421888K
}
Event: 27.729 GC heap before
{Heap before GC invocations=31 (full 0):
 garbage-first heap   total 79872K, used 62258K [0x0000000080000000, 0x0000000100000000)
  region size 1024K, 21 young (21504K), 1 survivors (1024K)
 Metaspace       used 55741K, committed 57216K, reserved 487424K
  class space    used 7894K, committed 8640K, reserved 421888K
}
Event: 27.732 GC heap after
{Heap after GC invocations=32 (full 0):
 garbage-first heap   total 79872K, used 44090K [0x0000000080000000, 0x0000000100000000)
  region size 1024K, 1 young (1024K), 1 survivors (1024K)
 Metaspace       used 55741K, committed 57216K, reserved 487424K
  class space    used 7894K, committed 8640K, reserved 421888K
}
Event: 28.036 GC heap before
{Heap before GC invocations=33 (full 0):
 garbage-first heap   total 87040K, used 71738K [0x0000000080000000, 0x0000000100000000)
  region size 1024K, 23 young (23552K), 1 survivors (1024K)
 Metaspace       used 55839K, committed 57344K, reserved 487424K
  class space    used 7901K, committed 8640K, reserved 421888K
}
Event: 28.048 GC heap after
{Heap after GC invocations=34 (full 0):
 garbage-first heap   total 87040K, used 57865K [0x0000000080000000, 0x0000000100000000)
  region size 1024K, 3 young (3072K), 3 survivors (3072K)
 Metaspace       used 55839K, committed 57344K, reserved 487424K
  class space    used 7901K, committed 8640K, reserved 421888K
}
Event: 28.218 GC heap before
{Heap before GC invocations=34 (full 0):
 garbage-first heap   total 87040K, used 69129K [0x0000000080000000, 0x0000000100000000)
  region size 1024K, 15 young (15360K), 3 survivors (3072K)
 Metaspace       used 56079K, committed 57536K, reserved 487424K
  class space    used 7922K, committed 8704K, reserved 421888K
}
Event: 28.225 GC heap after
{Heap after GC invocations=35 (full 0):
 garbage-first heap   total 87040K, used 55221K [0x0000000080000000, 0x0000000100000000)
  region size 1024K, 2 young (2048K), 2 survivors (2048K)
 Metaspace       used 56079K, committed 57536K, reserved 487424K
  class space    used 7922K, committed 8704K, reserved 421888K
}
Event: 28.499 GC heap before
{Heap before GC invocations=36 (full 0):
 garbage-first heap   total 101376K, used 67509K [0x0000000080000000, 0x0000000100000000)
  region size 1024K, 14 young (14336K), 2 survivors (2048K)
 Metaspace       used 57078K, committed 58624K, reserved 487424K
  class space    used 8051K, committed 8832K, reserved 421888K
}
Event: 28.501 GC heap after
{Heap after GC invocations=37 (full 0):
 garbage-first heap   total 101376K, used 55960K [0x0000000080000000, 0x0000000100000000)
  region size 1024K, 1 young (1024K), 1 survivors (1024K)
 Metaspace       used 57078K, committed 58624K, reserved 487424K
  class space    used 8051K, committed 8832K, reserved 421888K
}
Event: 28.594 GC heap before
{Heap before GC invocations=37 (full 0):
 garbage-first heap   total 101376K, used 59032K [0x0000000080000000, 0x0000000100000000)
  region size 1024K, 4 young (4096K), 1 survivors (1024K)
 Metaspace       used 57612K, committed 59136K, reserved 487424K
  class space    used 8110K, committed 8896K, reserved 421888K
}
Event: 28.599 GC heap after
{Heap after GC invocations=38 (full 0):
 garbage-first heap   total 202752K, used 55863K [0x0000000080000000, 0x0000000100000000)
  region size 1024K, 1 young (1024K), 1 survivors (1024K)
 Metaspace       used 57612K, committed 59136K, reserved 487424K
  class space    used 8110K, committed 8896K, reserved 421888K
}
Event: 30.479 GC heap before
{Heap before GC invocations=38 (full 0):
 garbage-first heap   total 202752K, used 131639K [0x0000000080000000, 0x0000000100000000)
  region size 1024K, 70 young (71680K), 1 survivors (1024K)
 Metaspace       used 66775K, committed 68480K, reserved 487424K
  class space    used 9028K, committed 9920K, reserved 421888K
}
Event: 30.502 GC heap after
{Heap after GC invocations=39 (full 0):
 garbage-first heap   total 202752K, used 68238K [0x0000000080000000, 0x0000000100000000)
  region size 1024K, 7 young (7168K), 7 survivors (7168K)
 Metaspace       used 66775K, committed 68480K, reserved 487424K
  class space    used 9028K, committed 9920K, reserved 421888K
}
Event: 32.539 GC heap before
{Heap before GC invocations=39 (full 0):
 garbage-first heap   total 202752K, used 149134K [0x0000000080000000, 0x0000000100000000)
  region size 1024K, 85 young (87040K), 7 survivors (7168K)
 Metaspace       used 74869K, committed 76672K, reserved 552960K
  class space    used 10018K, committed 10944K, reserved 421888K
}
Event: 32.601 GC heap after
{Heap after GC invocations=40 (full 0):
 garbage-first heap   total 202752K, used 72560K [0x0000000080000000, 0x0000000100000000)
  region size 1024K, 5 young (5120K), 5 survivors (5120K)
 Metaspace       used 74869K, committed 76672K, reserved 552960K
  class space    used 10018K, committed 10944K, reserved 421888K
}

Deoptimization events (20 events):
Event: 32.846 Thread 0x00000152c62d76f0 Uncommon trap: trap_request=0xffffffde fr.pc=0x00000152b181e740 relative=0x0000000000000120
Event: 32.846 Thread 0x00000152c62d76f0 Uncommon trap: reason=class_check action=maybe_recompile pc=0x00000152b181e740 method=java.util.ArrayList.hashCodeRange(II)I @ 53 c2
Event: 32.846 Thread 0x00000152c62d76f0 DEOPT PACKING pc=0x00000152b181e740 sp=0x0000000a05df3730
Event: 32.846 Thread 0x00000152c62d76f0 DEOPT UNPACKING pc=0x00000152a9b023a3 sp=0x0000000a05df36a0 mode 2
Event: 32.846 Thread 0x00000152c62d76f0 Uncommon trap: trap_request=0xffffffde fr.pc=0x00000152b181e740 relative=0x0000000000000120
Event: 32.846 Thread 0x00000152c62d76f0 Uncommon trap: reason=class_check action=maybe_recompile pc=0x00000152b181e740 method=java.util.ArrayList.hashCodeRange(II)I @ 53 c2
Event: 32.846 Thread 0x00000152c62d76f0 DEOPT PACKING pc=0x00000152b181e740 sp=0x0000000a05df3730
Event: 32.846 Thread 0x00000152c62d76f0 DEOPT UNPACKING pc=0x00000152a9b023a3 sp=0x0000000a05df36a0 mode 2
Event: 32.846 Thread 0x00000152c62d76f0 Uncommon trap: trap_request=0xffffff45 fr.pc=0x00000152b15fdb20 relative=0x0000000000001800
Event: 32.846 Thread 0x00000152c62d76f0 Uncommon trap: reason=unstable_if action=reinterpret pc=0x00000152b15fdb20 method=java.util.HashMap.putVal(ILjava/lang/Object;Ljava/lang/Object;ZZ)Ljava/lang/Object; @ 94 c2
Event: 32.846 Thread 0x00000152c62d76f0 DEOPT PACKING pc=0x00000152b15fdb20 sp=0x0000000a05df38d0
Event: 32.846 Thread 0x00000152c62d76f0 DEOPT UNPACKING pc=0x00000152a9b023a3 sp=0x0000000a05df3780 mode 2
Event: 32.846 Thread 0x00000152c62d76f0 Uncommon trap: trap_request=0xffffffde fr.pc=0x00000152b181e740 relative=0x0000000000000120
Event: 32.846 Thread 0x00000152c62d76f0 Uncommon trap: reason=class_check action=maybe_recompile pc=0x00000152b181e740 method=java.util.ArrayList.hashCodeRange(II)I @ 53 c2
Event: 32.846 Thread 0x00000152c62d76f0 DEOPT PACKING pc=0x00000152b181e740 sp=0x0000000a05df39f0
Event: 32.846 Thread 0x00000152c62d76f0 DEOPT UNPACKING pc=0x00000152a9b023a3 sp=0x0000000a05df3960 mode 2
Event: 32.869 Thread 0x00000152c62d76f0 Uncommon trap: trap_request=0xffffffde fr.pc=0x00000152b181e740 relative=0x0000000000000120
Event: 32.869 Thread 0x00000152c62d76f0 Uncommon trap: reason=class_check action=maybe_recompile pc=0x00000152b181e740 method=java.util.ArrayList.hashCodeRange(II)I @ 53 c2
Event: 32.869 Thread 0x00000152c62d76f0 DEOPT PACKING pc=0x00000152b181e740 sp=0x0000000a05df36a0
Event: 32.869 Thread 0x00000152c62d76f0 DEOPT UNPACKING pc=0x00000152a9b023a3 sp=0x0000000a05df3610 mode 2

Classes loaded (20 events):
Event: 28.180 Loading class java/nio/channels/NonWritableChannelException
Event: 28.180 Loading class java/nio/channels/NonWritableChannelException done
Event: 28.181 Loading class sun/nio/ch/ChannelInputStream
Event: 28.181 Loading class sun/nio/ch/ChannelInputStream done
Event: 30.552 Loading class java/lang/invoke/BoundMethodHandle$Species_LLLLLLLLLLLLLLLLLLLLLLLLL
Event: 30.553 Loading class java/lang/invoke/BoundMethodHandle$Species_LLLLLLLLLLLLLLLLLLLLLLLLL done
Event: 31.353 Loading class java/text/StringCharacterIterator
Event: 31.354 Loading class java/text/CharacterIterator
Event: 31.354 Loading class java/text/CharacterIterator done
Event: 31.354 Loading class java/text/StringCharacterIterator done
Event: 31.464 Loading class java/io/NotSerializableException
Event: 31.464 Loading class java/io/NotSerializableException done
Event: 31.781 Loading class java/util/function/IntUnaryOperator
Event: 31.782 Loading class java/util/function/IntUnaryOperator done
Event: 31.831 Loading class java/util/AbstractList$SubList
Event: 31.832 Loading class java/util/AbstractList$SubList done
Event: 31.832 Loading class java/util/AbstractList$SubList$1
Event: 31.832 Loading class java/util/AbstractList$SubList$1 done
Event: 31.832 Loading class java/util/AbstractList$ListItr
Event: 31.833 Loading class java/util/AbstractList$ListItr done

Classes unloaded (0 events):
No events

Classes redefined (0 events):
No events

Internal exceptions (20 events):
Event: 25.673 Thread 0x00000152c62d76f0 Implicit null exception at 0x00000152b173238c to 0x00000152b17324be
Event: 26.528 Thread 0x00000152c62d76f0 Exception <a 'java/lang/NoSuchMethodError'{0x00000000848f9fa0}: 'void java.lang.invoke.DirectMethodHandle$Holder.invokeVirtual(java.lang.Object, java.lang.Object)'> (0x00000000848f9fa0) 
thrown [s\open\src\hotspot\share\interpreter\linkResolver.cpp, line 766]
Event: 27.668 Thread 0x00000152c62d76f0 Exception <a 'java/lang/NoSuchMethodError'{0x0000000083a4bc58}: 'long java.lang.invoke.DirectMethodHandle$Holder.invokeStatic(java.lang.Object, java.lang.Object, int)'> (0x0000000083a4bc58) 
thrown [s\open\src\hotspot\share\interpreter\linkResolver.cpp, line 766]
Event: 27.670 Thread 0x00000152c62d76f0 Exception <a 'java/lang/NoSuchMethodError'{0x0000000083a5bd08}: 'java.lang.Object java.lang.invoke.DelegatingMethodHandle$Holder.reinvoke_L(java.lang.Object, int, long, java.lang.Object, java.lang.Object, int, java.lang.Object)'> (0x0000000083a5bd08) 
thrown [s\open\src\hotspot\share\interpreter\linkResolver.cpp, line 766]
Event: 27.880 Thread 0x00000152c62d76f0 Implicit null exception at 0x00000152b179ed1a to 0x00000152b179f780
Event: 30.365 Thread 0x00000152c62d76f0 Exception <a 'java/lang/NoSuchMethodError'{0x000000008841ff08}: 'java.lang.Object java.lang.invoke.DirectMethodHandle$Holder.newInvokeSpecial(java.lang.Object, java.lang.Object, java.lang.Object, java.lang.Object, java.lang.Object, java.lang.Object, java.lang.Object, java.lang.Object, java.lang.Object, java.lang.Object, java.lang.Object, java.lang.Object, java.lang.Object, java.lang.Object, java.lang.Object, java.lang.Object, java.lang.Object, java.lang.Object)'> (0x000000008841ff08) 
thrown [s\open\src\ho
Event: 30.394 Thread 0x00000152c62d76f0 Exception <a 'java/lang/NoSuchMethodError'{0x00000000883060b8}: 'java.lang.Object java.lang.invoke.DirectMethodHandle$Holder.newInvokeSpecial(java.lang.Object, java.lang.Object, java.lang.Object, java.lang.Object, java.lang.Object, java.lang.Object, java.lang.Object, java.lang.Object, java.lang.Object, java.lang.Object, java.lang.Object, java.lang.Object, java.lang.Object, java.lang.Object, java.lang.Object, java.lang.Object, java.lang.Object, java.lang.Object, java.lang.Object, java.lang.Object, java.lang
Event: 30.443 Thread 0x00000152c62d76f0 Exception <a 'java/lang/NoSuchMethodError'{0x00000000882fa628}: 'java.lang.Object java.lang.invoke.DirectMethodHandle$Holder.newInvokeSpecial(java.lang.Object, java.lang.Object, java.lang.Object, java.lang.Object, java.lang.Object, java.lang.Object, java.lang.Object, java.lang.Object, java.lang.Object, java.lang.Object, java.lang.Object, java.lang.Object, java.lang.Object, java.lang.Object, java.lang.Object, java.lang.Object, java.lang.Object, java.lang.Object, java.lang.Object, java.lang.Object)'> (0x0000
Event: 30.443 Thread 0x00000152c62d76f0 Exception <a 'java/lang/NoSuchMethodError'{0x0000000088101e80}: 'java.lang.Object java.lang.invoke.DelegatingMethodHandle$Holder.reinvoke_L(java.lang.Object, java.lang.Object, java.lang.Object, java.lang.Object, java.lang.Object, java.lang.Object, java.lang.Object, java.lang.Object, java.lang.Object, java.lang.Object, java.lang.Object, java.lang.Object, java.lang.Object, java.lang.Object, java.lang.Object, java.lang.Object, java.lang.Object, java.lang.Object, java.lang.Object, java.lang.Object)'> (0x000000
Event: 30.521 Thread 0x00000152c62d76f0 Exception <a 'java/lang/NoSuchMethodError'{0x000000008c5e9f80}: 'java.lang.Object java.lang.invoke.DirectMethodHandle$Holder.newInvokeSpecial(java.lang.Object, java.lang.Object, java.lang.Object, java.lang.Object, java.lang.Object, java.lang.Object, java.lang.Object, java.lang.Object, java.lang.Object, java.lang.Object, java.lang.Object, java.lang.Object, java.lang.Object, java.lang.Object, java.lang.Object, java.lang.Object)'> (0x000000008c5e9f80) 
thrown [s\open\src\hotspot\share\interpreter\linkResolver
Event: 30.522 Thread 0x00000152c62d76f0 Exception <a 'java/lang/NoSuchMethodError'{0x000000008c5f10a8}: 'java.lang.Object java.lang.invoke.DirectMethodHandle$Holder.invokeSpecial(java.lang.Object, java.lang.Object, java.lang.Object, java.lang.Object, java.lang.Object, java.lang.Object, java.lang.Object, java.lang.Object, java.lang.Object, java.lang.Object, java.lang.Object, java.lang.Object, java.lang.Object, java.lang.Object, java.lang.Object, java.lang.Object, java.lang.Object)'> (0x000000008c5f10a8) 
thrown [s\open\src\hotspot\share\interpret
Event: 30.543 Thread 0x00000152c62d76f0 Exception <a 'java/lang/NoSuchMethodError'{0x000000008c32ce88}: 'java.lang.Object java.lang.invoke.DirectMethodHandle$Holder.newInvokeSpecial(java.lang.Object, java.lang.Object, java.lang.Object, java.lang.Object, java.lang.Object, java.lang.Object, java.lang.Object, java.lang.Object, java.lang.Object, java.lang.Object, java.lang.Object, java.lang.Object, java.lang.Object, java.lang.Object, java.lang.Object, java.lang.Object, java.lang.Object, java.lang.Object, java.lang.Object, java.lang.Object, java.lang
Event: 30.556 Thread 0x00000152c62d76f0 Exception <a 'java/lang/NoSuchMethodError'{0x000000008c20b1a8}: 'java.lang.Object java.lang.invoke.DirectMethodHandle$Holder.invokeStatic(java.lang.Object, java.lang.Object, java.lang.Object, java.lang.Object, java.lang.Object, java.lang.Object, java.lang.Object, java.lang.Object, java.lang.Object, java.lang.Object, java.lang.Object, java.lang.Object, java.lang.Object, java.lang.Object, java.lang.Object, java.lang.Object, java.lang.Object, java.lang.Object, java.lang.Object, java.lang.Object, java.lang.Obj
Event: 30.572 Thread 0x00000152c62d76f0 Exception <a 'java/lang/NoSuchMethodError'{0x000000008c29bb50}: 'java.lang.Object java.lang.invoke.DirectMethodHandle$Holder.newInvokeSpecial(java.lang.Object, java.lang.Object, java.lang.Object, java.lang.Object, java.lang.Object, java.lang.Object, java.lang.Object, java.lang.Object, java.lang.Object, java.lang.Object, java.lang.Object, java.lang.Object, java.lang.Object)'> (0x000000008c29bb50) 
thrown [s\open\src\hotspot\share\interpreter\linkResolver.cpp, line 766]
Event: 30.607 Thread 0x00000152c62d76f0 Exception <a 'java/lang/NoSuchMethodError'{0x000000008c1d4c70}: 'java.lang.Object java.lang.invoke.DirectMethodHandle$Holder.newInvokeSpecial(java.lang.Object, java.lang.Object, java.lang.Object, java.lang.Object, java.lang.Object, java.lang.Object, java.lang.Object, java.lang.Object, java.lang.Object, java.lang.Object, java.lang.Object, java.lang.Object, java.lang.Object, java.lang.Object, java.lang.Object, java.lang.Object, java.lang.Object, java.lang.Object, java.lang.Object)'> (0x000000008c1d4c70) 
thr
Event: 30.609 Thread 0x00000152c62d76f0 Exception <a 'java/lang/NoSuchMethodError'{0x000000008c1dc410}: 'java.lang.Object java.lang.invoke.DirectMethodHandle$Holder.invokeSpecial(java.lang.Object, java.lang.Object, java.lang.Object, java.lang.Object, java.lang.Object, java.lang.Object, java.lang.Object, java.lang.Object, java.lang.Object, java.lang.Object, java.lang.Object, java.lang.Object, java.lang.Object, java.lang.Object, java.lang.Object, java.lang.Object, java.lang.Object, java.lang.Object, java.lang.Object, java.lang.Object)'> (0x0000000
Event: 30.609 Thread 0x00000152c62d76f0 Exception <a 'java/lang/NoSuchMethodError'{0x000000008c1e2950}: 'java.lang.Object java.lang.invoke.DelegatingMethodHandle$Holder.reinvoke_L(java.lang.Object, java.lang.Object, java.lang.Object, java.lang.Object, java.lang.Object, java.lang.Object, java.lang.Object, java.lang.Object, java.lang.Object, java.lang.Object, java.lang.Object, java.lang.Object, java.lang.Object, java.lang.Object, java.lang.Object, java.lang.Object, java.lang.Object, java.lang.Object, java.lang.Object)'> (0x000000008c1e2950) 
throw
Event: 31.867 Thread 0x00000152c62d76f0 Exception <a 'java/lang/NoSuchMethodError'{0x0000000089babe10}: 'java.lang.Object java.lang.invoke.DirectMethodHandle$Holder.newInvokeSpecial(java.lang.Object, java.lang.Object, java.lang.Object, java.lang.Object, int)'> (0x0000000089babe10) 
thrown [s\open\src\hotspot\share\interpreter\linkResolver.cpp, line 766]
Event: 31.867 Thread 0x00000152c62d76f0 Exception <a 'java/lang/NoSuchMethodError'{0x0000000089bb1e08}: 'java.lang.Object java.lang.invoke.DirectMethodHandle$Holder.invokeSpecial(java.lang.Object, java.lang.Object, java.lang.Object, java.lang.Object, java.lang.Object, int)'> (0x0000000089bb1e08) 
thrown [s\open\src\hotspot\share\interpreter\linkResolver.cpp, line 766]
Event: 31.867 Thread 0x00000152c62d76f0 Exception <a 'java/lang/NoSuchMethodError'{0x0000000089bb77b0}: 'java.lang.Object java.lang.invoke.Invokers$Holder.linkToTargetMethod(java.lang.Object, java.lang.Object, java.lang.Object, int, java.lang.Object)'> (0x0000000089bb77b0) 
thrown [s\open\src\hotspot\share\interpreter\linkResolver.cpp, line 766]

VM Operations (20 events):
Event: 30.462 Executing VM operation: G1CollectForAllocation
Event: 30.502 Executing VM operation: G1CollectForAllocation done
Event: 30.829 Executing VM operation: HandshakeAllThreads
Event: 30.829 Executing VM operation: HandshakeAllThreads done
Event: 30.915 Executing VM operation: HandshakeAllThreads
Event: 30.915 Executing VM operation: HandshakeAllThreads done
Event: 31.108 Executing VM operation: HandshakeAllThreads
Event: 31.109 Executing VM operation: HandshakeAllThreads done
Event: 31.372 Executing VM operation: HandshakeAllThreads
Event: 31.372 Executing VM operation: HandshakeAllThreads done
Event: 31.543 Executing VM operation: ICBufferFull
Event: 31.545 Executing VM operation: ICBufferFull done
Event: 31.828 Executing VM operation: HandshakeAllThreads
Event: 31.828 Executing VM operation: HandshakeAllThreads done
Event: 31.833 Executing VM operation: HandshakeAllThreads
Event: 31.833 Executing VM operation: HandshakeAllThreads done
Event: 32.377 Executing VM operation: ICBufferFull
Event: 32.377 Executing VM operation: ICBufferFull done
Event: 32.536 Executing VM operation: G1CollectForAllocation
Event: 32.601 Executing VM operation: G1CollectForAllocation done

Events (20 events):
Event: 29.819 Thread 0x00000152c0823160 flushing nmethod 0x00000152aab08e10
Event: 29.819 Thread 0x00000152c0823160 flushing nmethod 0x00000152aab09510
Event: 29.819 Thread 0x00000152c0823160 flushing nmethod 0x00000152aab09990
Event: 29.819 Thread 0x00000152c0823160 flushing nmethod 0x00000152aab09c90
Event: 29.819 Thread 0x00000152c0823160 flushing nmethod 0x00000152aab0a090
Event: 29.819 Thread 0x00000152c0823160 flushing nmethod 0x00000152aab0a810
Event: 29.819 Thread 0x00000152c0823160 flushing nmethod 0x00000152aab0ab10
Event: 29.819 Thread 0x00000152c0823160 flushing nmethod 0x00000152aab0af90
Event: 29.819 Thread 0x00000152c0823160 flushing nmethod 0x00000152aab0b390
Event: 29.819 Thread 0x00000152c0823160 flushing nmethod 0x00000152aab0be10
Event: 29.819 Thread 0x00000152c0823160 flushing nmethod 0x00000152aab11b10
Event: 29.819 Thread 0x00000152c0823160 flushing nmethod 0x00000152aab11e90
Event: 29.819 Thread 0x00000152c0823160 flushing nmethod 0x00000152aab15090
Event: 29.819 Thread 0x00000152c0823160 flushing nmethod 0x00000152aab18090
Event: 29.819 Thread 0x00000152c0823160 flushing nmethod 0x00000152aab1f890
Event: 29.819 Thread 0x00000152c0823160 flushing nmethod 0x00000152aab21090
Event: 29.819 Thread 0x00000152c0823160 flushing nmethod 0x00000152aab29590
Event: 29.819 Thread 0x00000152c0823160 flushing nmethod 0x00000152aab39b90
Event: 29.819 Thread 0x00000152c0823160 flushing nmethod 0x00000152aab3b010
Event: 29.819 Thread 0x00000152c0823160 flushing nmethod 0x00000152aab76d90


Dynamic libraries:
0x00007ff69b7b0000 - 0x00007ff69b7c0000 	C:\Program Files\Java\jdk-18.0.1.1\bin\java.exe
0x00007ff862a10000 - 0x00007ff862c27000 	C:\WINDOWS\SYSTEM32\ntdll.dll
0x00007ff861560000 - 0x00007ff861624000 	C:\WINDOWS\System32\KERNEL32.DLL
0x00007ff85fd80000 - 0x00007ff860126000 	C:\WINDOWS\System32\KERNELBASE.dll
0x00007ff860550000 - 0x00007ff860661000 	C:\WINDOWS\System32\ucrtbase.dll
0x00007ff84ef10000 - 0x00007ff84ef2a000 	C:\Program Files\Java\jdk-18.0.1.1\bin\VCRUNTIME140.dll
0x00007ff84eef0000 - 0x00007ff84ef08000 	C:\Program Files\Java\jdk-18.0.1.1\bin\jli.dll
0x00007ff861990000 - 0x00007ff861a41000 	C:\WINDOWS\System32\ADVAPI32.dll
0x00007ff8624d0000 - 0x00007ff862577000 	C:\WINDOWS\System32\msvcrt.dll
0x00007ff861d10000 - 0x00007ff861db5000 	C:\WINDOWS\System32\sechost.dll
0x00007ff861630000 - 0x00007ff861747000 	C:\WINDOWS\System32\RPCRT4.dll
0x00007ff8617e0000 - 0x00007ff86198e000 	C:\WINDOWS\System32\USER32.dll
0x00007ff860480000 - 0x00007ff8604a6000 	C:\WINDOWS\System32\win32u.dll
0x00007ff862980000 - 0x00007ff8629a9000 	C:\WINDOWS\System32\GDI32.dll
0x00007ff843d30000 - 0x00007ff843fc3000 	C:\WINDOWS\WinSxS\amd64_microsoft.windows.common-controls_6595b64144ccf1df_6.0.22621.2506_none_270c5ae97388e100\COMCTL32.dll
0x00007ff8602a0000 - 0x00007ff8603b8000 	C:\WINDOWS\System32\gdi32full.dll
0x00007ff8604b0000 - 0x00007ff86054a000 	C:\WINDOWS\System32\msvcp_win.dll
0x00007ff856460000 - 0x00007ff85646a000 	C:\WINDOWS\SYSTEM32\VERSION.dll
0x00007ff861cd0000 - 0x00007ff861d01000 	C:\WINDOWS\System32\IMM32.DLL
0x00007ff847030000 - 0x00007ff84703c000 	C:\Program Files\Java\jdk-18.0.1.1\bin\vcruntime140_1.dll
0x00007ff80b310000 - 0x00007ff80b39d000 	C:\Program Files\Java\jdk-18.0.1.1\bin\msvcp140.dll
0x00007fffdb0e0000 - 0x00007fffdbcf0000 	C:\Program Files\Java\jdk-18.0.1.1\bin\server\jvm.dll
0x00007ff8617d0000 - 0x00007ff8617d8000 	C:\WINDOWS\System32\PSAPI.DLL
0x00007ff857b60000 - 0x00007ff857b94000 	C:\WINDOWS\SYSTEM32\WINMM.dll
0x00007fffeacf0000 - 0x00007fffeacf9000 	C:\WINDOWS\SYSTEM32\WSOCK32.dll
0x00007ff862200000 - 0x00007ff862271000 	C:\WINDOWS\System32\WS2_32.dll
0x00007ff85edf0000 - 0x00007ff85ee08000 	C:\WINDOWS\SYSTEM32\kernel.appcore.dll
0x00007ff846710000 - 0x00007ff84671a000 	C:\Program Files\Java\jdk-18.0.1.1\bin\jimage.dll
0x00007ff84bfb0000 - 0x00007ff84c1e3000 	C:\WINDOWS\SYSTEM32\DBGHELP.DLL
0x00007ff862580000 - 0x00007ff862909000 	C:\WINDOWS\System32\combase.dll
0x00007ff862120000 - 0x00007ff8621f7000 	C:\WINDOWS\System32\OLEAUT32.dll
0x00007ff845870000 - 0x00007ff8458a2000 	C:\WINDOWS\SYSTEM32\dbgcore.DLL
0x00007ff8606e0000 - 0x00007ff86075a000 	C:\WINDOWS\System32\bcryptPrimitives.dll
0x00007ff80ba70000 - 0x00007ff80ba95000 	C:\Program Files\Java\jdk-18.0.1.1\bin\java.dll
0x00007ff808560000 - 0x00007ff808636000 	C:\Program Files\Java\jdk-18.0.1.1\bin\jsvml.dll
0x00007ff860770000 - 0x00007ff860fca000 	C:\WINDOWS\System32\SHELL32.dll
0x00007ff85dc60000 - 0x00007ff85e556000 	C:\WINDOWS\SYSTEM32\windows.storage.dll
0x00007ff85db20000 - 0x00007ff85dc5e000 	C:\WINDOWS\SYSTEM32\wintypes.dll
0x00007ff861f10000 - 0x00007ff862003000 	C:\WINDOWS\System32\SHCORE.dll
0x00007ff861450000 - 0x00007ff8614ae000 	C:\WINDOWS\System32\shlwapi.dll
0x00007ff85fcb0000 - 0x00007ff85fcd6000 	C:\WINDOWS\SYSTEM32\profapi.dll
0x00007ff812920000 - 0x00007ff812933000 	C:\Program Files\Java\jdk-18.0.1.1\bin\net.dll
0x00007ff857d90000 - 0x00007ff857ec7000 	C:\WINDOWS\SYSTEM32\WINHTTP.dll
0x00007ff85f270000 - 0x00007ff85f2d9000 	C:\WINDOWS\system32\mswsock.dll
0x00007ff8109b0000 - 0x00007ff8109c6000 	C:\Program Files\Java\jdk-18.0.1.1\bin\nio.dll
0x00007ff8101b0000 - 0x00007ff8101c8000 	C:\Program Files\Java\jdk-18.0.1.1\bin\zip.dll
0x00007ff813970000 - 0x00007ff813980000 	C:\Program Files\Java\jdk-18.0.1.1\bin\verify.dll
0x00007ff8128f0000 - 0x00007ff812917000 	C:\Users\Akash\.gradle\native\68d5fa5c4cc2d200863cafc0d521ce42e7d3e7ee720ec0a83991735586a16f82\windows-amd64\native-platform.dll
0x00007fffddd70000 - 0x00007fffddeb4000 	C:\Users\Akash\.gradle\native\e376f236ea51e6404a007f0833ffe2c6e607c4080706a723a18a27aeea778392\windows-amd64\native-platform-file-events.dll
0x00007ff812fd0000 - 0x00007ff812fd9000 	C:\Program Files\Java\jdk-18.0.1.1\bin\management.dll
0x00007ff8114b0000 - 0x00007ff8114bb000 	C:\Program Files\Java\jdk-18.0.1.1\bin\management_ext.dll
0x00007ff85f540000 - 0x00007ff85f55b000 	C:\WINDOWS\SYSTEM32\CRYPTSP.dll
0x00007ff85ece0000 - 0x00007ff85ed15000 	C:\WINDOWS\system32\rsaenh.dll
0x00007ff85f390000 - 0x00007ff85f3bc000 	C:\WINDOWS\SYSTEM32\USERENV.dll
0x00007ff85f730000 - 0x00007ff85f758000 	C:\WINDOWS\SYSTEM32\bcrypt.dll
0x00007ff85f560000 - 0x00007ff85f56c000 	C:\WINDOWS\SYSTEM32\CRYPTBASE.dll
0x00007ff85e7c0000 - 0x00007ff85e7ed000 	C:\WINDOWS\SYSTEM32\IPHLPAPI.DLL
0x00007ff861cc0000 - 0x00007ff861cc9000 	C:\WINDOWS\System32\NSI.dll
0x00007ff8597a0000 - 0x00007ff8597b9000 	C:\WINDOWS\SYSTEM32\dhcpcsvc6.DLL
0x00007ff857ac0000 - 0x00007ff857adf000 	C:\WINDOWS\SYSTEM32\dhcpcsvc.DLL
0x00007ff85e830000 - 0x00007ff85e929000 	C:\WINDOWS\SYSTEM32\DNSAPI.dll

dbghelp: loaded successfully - version: 4.0.5 - missing functions: none
symbol engine: initialized successfully - sym options: 0x614 - pdb path: .;C:\Program Files\Java\jdk-18.0.1.1\bin;C:\WINDOWS\SYSTEM32;C:\WINDOWS\WinSxS\amd64_microsoft.windows.common-controls_6595b64144ccf1df_6.0.22621.2506_none_270c5ae97388e100;C:\Program Files\Java\jdk-18.0.1.1\bin\server;C:\Users\Akash\.gradle\native\68d5fa5c4cc2d200863cafc0d521ce42e7d3e7ee720ec0a83991735586a16f82\windows-amd64;C:\Users\Akash\.gradle\native\e376f236ea51e6404a007f0833ffe2c6e607c4080706a723a18a27aeea778392\windows-amd64

VM Arguments:
jvm_args: -XX:MaxMetaspaceSize=512m --add-opens=java.base/java.util=ALL-UNNAMED --add-opens=java.base/java.lang=ALL-UNNAMED --add-opens=java.base/java.lang.invoke=ALL-UNNAMED --add-opens=java.prefs/java.util.prefs=ALL-UNNAMED --add-opens=java.base/java.nio.charset=ALL-UNNAMED --add-opens=java.base/java.net=ALL-UNNAMED --add-opens=java.base/java.util.concurrent.atomic=ALL-UNNAMED -Xmx2048m -Dfile.encoding=utf8 -Duser.country=IN -Duser.language=en -Duser.variant 
java_command: org.gradle.launcher.daemon.bootstrap.GradleDaemon 8.0.1
java_class_path (initial): C:\Users\Akash\.gradle\wrapper\dists\gradle-8.0.1-all\aro4hu1c3oeioove7l0i4i14o\gradle-8.0.1\lib\gradle-launcher-8.0.1.jar
Launcher Type: SUN_STANDARD

[Global flags]
     intx CICompilerCount                          = 4                                         {product} {ergonomic}
   size_t CompressedClassSpaceSize                 = 432013312                                 {product} {ergonomic}
     uint ConcGCThreads                            = 3                                         {product} {ergonomic}
     uint G1ConcRefinementThreads                  = 10                                        {product} {ergonomic}
   size_t G1HeapRegionSize                         = 1048576                                   {product} {ergonomic}
    uintx GCDrainStackTargetSize                   = 64                                        {product} {ergonomic}
   size_t InitialHeapSize                          = 56623104                                  {product} {ergonomic}
   size_t MarkStackSize                            = 4194304                                   {product} {ergonomic}
   size_t MaxHeapSize                              = 2147483648                                {product} {command line}
   size_t MaxMetaspaceSize                         = 536870912                                 {product} {command line}
   size_t MaxNewSize                               = 1287651328                                {product} {ergonomic}
   size_t MinHeapDeltaBytes                        = 1048576                                   {product} {ergonomic}
   size_t MinHeapSize                              = 8388608                                   {product} {ergonomic}
    uintx NonNMethodCodeHeapSize                   = 5839372                                {pd product} {ergonomic}
    uintx NonProfiledCodeHeapSize                  = 122909434                              {pd product} {ergonomic}
    uintx ProfiledCodeHeapSize                     = 122909434                              {pd product} {ergonomic}
    uintx ReservedCodeCacheSize                    = 251658240                              {pd product} {ergonomic}
     bool SegmentedCodeCache                       = true                                      {product} {ergonomic}
   size_t SoftMaxHeapSize                          = 2147483648                             {manageable} {ergonomic}
     bool UseCompressedClassPointers               = true                           {product lp64_product} {ergonomic}
     bool UseCompressedOops                        = true                           {product lp64_product} {ergonomic}
     bool UseG1GC                                  = true                                      {product} {ergonomic}
     bool UseLargePagesIndividualAllocation        = false                                  {pd product} {ergonomic}

Logging:
Log output configuration:
 #0: stdout all=warning uptime,level,tags foldmultilines=false
 #1: stderr all=off uptime,level,tags foldmultilines=false

Environment Variables:
PATH=C:\Python311\Scripts\;C:\Python311\;C:\Program Files\Common Files\Oracle\Java\javapath;C:\py3_10\Scripts\;C:\py3_10\;C:\oraclexe\app\oracle\product\11.2.0\server\bin;C:\WINDOWS\system32;C:\WINDOWS;C:\WINDOWS\System32\Wbem;C:\WINDOWS\System32\WindowsPowerShell\v1.0\;C:\WINDOWS\System32\OpenSSH\;C:\MinGW\bin;C:\Program Files\Git\cmd;C:\Android;C:\Windows\System32;C:\john\run;C:\Program Files (x86)\Microsoft SQL Server\160\DTS\Binn\;C:\Program Files\nodejs\;C:\ProgramData\chocolatey\bin;C:\Users\Akash\AppData\Local\Android\Sdk\platform-tools;C:\Users\Akash\AppData\Local\Microsoft\WindowsApps;C:\Users\Akash\AppData\Local\GitHubDesktop\bin;C:\Users\Akash\AppData\Local\Programs\Microsoft VS Code\bin;C:\MinGW\bin;C:\Users\Akash\AppData\Local\spicetify;C:\Users\Akash\AppData\Local\Microsoft\WindowsApps;C:\src\flutter\bin;C:\john\run;C:\Program Files\Azure Data Studio\bin;C:\Users\Akash\AppData\Roaming\npm;C:\Users\Akash\AppData\Local\Android\Sdk\platform-tools;
USERNAME=Akash
OS=Windows_NT
PROCESSOR_IDENTIFIER=AMD64 Family 23 Model 104 Stepping 1, AuthenticAMD



---------------  S Y S T E M  ---------------

OS:
 Windows 11 , 64 bit Build 22621 (10.0.22621.2506)
OS uptime: 0 days 17:04 hours
Hyper-V role detected

CPU: total 12 (initial active 12) (12 cores per cpu, 2 threads per core) family 23 model 104 stepping 1 microcode 0x0, cx8, cmov, fxsr, ht, mmx, 3dnowpref, sse, sse2, sse3, ssse3, sse4a, sse4.1, sse4.2, popcnt, lzcnt, tsc, tscinvbit, avx, avx2, aes, clmul, bmi1, bmi2, adx, sha, fma, vzeroupper, clflush, clflushopt, hv

Memory: 4k page, system-wide physical 3405M (96M free)
TotalPageFile size 13645M (AvailPageFile size 3M)
current process WorkingSet (physical memory assigned to process): 210M, peak: 260M
current process commit charge ("private bytes"): 448M, peak: 450M

vm_info: Java HotSpot(TM) 64-Bit Server VM (18.0.1.1+2-6) for windows-amd64 JRE (18.0.1.1+2-6), built on Apr 25 2022 21:53:15 by "mach5one" with MS VC++ 16.8 / 16.9 (VS2019)

END.
